MPI initialized with 1 MPI processes
MPI initialized with thread support level 0
Initializing CUDA...
==PROF== Connected to process 2437673 (/home/ziangli/amrex/CNS/Exec/Sod/CNS3d.gnu.TPROF.MPI.CUDA.ex)
CUDA initialized with 1 device.
==PROF== Profiling "launch_global" - 0 (1/2): 0%
==WARNING== An error was reported by the driver

==WARNING== Backing up device memory in system memory. Kernel replay might be slow. Consider using "--replay-mode application" to avoid memory save-and-restore.
....50%....100% - 20 passes
AMReX (2b1434edf43e-dirty) initialized
Successfully read inputs file ... 
Successfully read inputs file ... 
Starting to call amrex_probinit ... 
Successfully run amrex_probinit
==PROF== Profiling "launch_global" - 1 (2/2): 0%....50%....100% - 20 passes
INITIAL GRIDS 
  Level 0   8 grids  262144 cells  100 % of domain
            smallest grid: 32 x 32 x 32  biggest grid: 32 x 32 x 32


[CNS] Total mass       is 147456
      Total x-momentum is 0
      Total y-momentum is 0
      Total z-momentum is 0
      Total energy     is 360448.00000000006
[Level 0 step 1] ADVANCE with dt = 0.003961660569
[Level 0 step 1] Advanced 262144 cells

STEP = 1 TIME = 0.003961660569 DT = 0.003961660569


[CNS] Total mass       is 147456.00000000003
      Total x-momentum is 934.6729933893613
      Total y-momentum is 0
      Total z-momentum is 0
      Total energy     is 360448.00000000017

[STEP 1] Coarse TimeStep time: 0.067080021
[STEP 1] FAB kilobyte spread across MPI nodes: [122840 ... 122840]

[Level 0 step 2] ADVANCE with dt = 0.00270323629
[Level 0 step 2] Advanced 262144 cells

STEP = 2 TIME = 0.006664896859 DT = 0.00270323629


[CNS] Total mass       is 147456
      Total x-momentum is 1572.4464499343446
      Total y-momentum is 0
      Total z-momentum is 0
      Total energy     is 360448

[STEP 2] Coarse TimeStep time: 0.050007684
[STEP 2] FAB kilobyte spread across MPI nodes: [122840 ... 122840]

[Level 0 step 3] ADVANCE with dt = 0.00246461758
[Level 0 step 3] Advanced 262144 cells

STEP = 3 TIME = 0.009129514439 DT = 0.00246461758


[CNS] Total mass       is 147455.99999999997
      Total x-momentum is 2153.9226896809505
      Total y-momentum is 0
      Total z-momentum is 0
      Total energy     is 360448.00000000017

[STEP 3] Coarse TimeStep time: 0.049845993
[STEP 3] FAB kilobyte spread across MPI nodes: [122840 ... 122840]

[Level 0 step 4] ADVANCE with dt = 0.002365837545
[Level 0 step 4] Advanced 262144 cells

STEP = 4 TIME = 0.01149535198 DT = 0.002365837545


[CNS] Total mass       is 147455.99999999991
      Total x-momentum is 2712.0937952674672
      Total y-momentum is 0
      Total z-momentum is 0
      Total energy     is 360448

[STEP 4] Coarse TimeStep time: 0.049842825
[STEP 4] FAB kilobyte spread across MPI nodes: [122840 ... 122840]

Run Time total        = 10.72381736
Run Time init         = 10.50677721
Run Time advance      = 0.216970532


TinyProfiler total time across processes [min...avg...max]: 10.72 ... 10.72 ... 10.72

-------------------------------------------------------------------------------------------
Name                                        NCalls  Excl. Min  Excl. Avg  Excl. Max   Max %
-------------------------------------------------------------------------------------------
CNS::initData()                                  1       10.5       10.5       10.5  97.94%
CNS::compute_dSdt()                              8    0.08129    0.08129    0.08129   0.76%
StateDataPhysBCFunct::()                         8    0.05353    0.05353    0.05353   0.50%
StateData::FillBoundary(geom)                  192      0.039      0.039      0.039   0.36%
FabArray::setDomainBndry()                       8    0.01238    0.01238    0.01238   0.12%
CNS::computeTemp()                               8   0.009441   0.009441   0.009441   0.09%
FabArray::sum()                                 25   0.007846   0.007846   0.007846   0.07%
amrex::Copy()                                    8   0.005234   0.005234   0.005234   0.05%
FabArray::LinComb()                              8   0.004524   0.004524   0.004524   0.04%
CNS::estTimeStep()                               5    0.00233    0.00233    0.00233   0.02%
FabArray::ParallelCopy_nowait()                  8   0.001902   0.001902   0.001902   0.02%
FabArray::Saxpy()                                4    0.00078    0.00078    0.00078   0.01%
CNS::advance()                                   4  0.0005992  0.0005992  0.0005992   0.01%
AmrLevel::AmrLevel(dm)                           1  0.0005224  0.0005224  0.0005224   0.00%
main()                                           1  0.0002736  0.0002736  0.0002736   0.00%
Amr::InitAmr()                                   1  0.0002561  0.0002561  0.0002561   0.00%
Amr::coarseTimeStep()                            4  0.0001792  0.0001792  0.0001792   0.00%
Amr::timeStep()                                  4  0.0001674  0.0001674  0.0001674   0.00%
Amr::FinalizeInit()                              1  0.0001508  0.0001508  0.0001508   0.00%
FabArrayBase::CPC::define()                      1   0.000137   0.000137   0.000137   0.00%
FillPatchIterator::Initialize                    8  0.0001014  0.0001014  0.0001014   0.00%
postCoarseTimeStep()                             4  5.568e-05  5.568e-05  5.568e-05   0.00%
Amr::defBaseLevel()                              1  4.811e-05  4.811e-05  4.811e-05   0.00%
Amr::readProbinFile()                            1  4.614e-05  4.614e-05  4.614e-05   0.00%
StateData::define()                              1  2.992e-05  2.992e-05  2.992e-05   0.00%
FabArrayBase::getCPC()                           8  1.162e-05  1.162e-05  1.162e-05   0.00%
FillPatchSingleLevel                             8  1.069e-05  1.069e-05  1.069e-05   0.00%
FabArray::ParallelCopy()                         8  8.797e-06  8.797e-06  8.797e-06   0.00%
Amr::initSubcycle()                              1  8.132e-06  8.132e-06  8.132e-06   0.00%
Amr::InitializeInit()                            1  7.176e-06  7.176e-06  7.176e-06   0.00%
FabArray::ParallelCopy_finish()                  8  4.818e-06  4.818e-06  4.818e-06   0.00%
Amr::initialInit()                               1  3.962e-06  3.962e-06  3.962e-06   0.00%
DistributionMapping::SFCProcessorMapDoIt()       1  3.212e-06  3.212e-06  3.212e-06   0.00%
Amr::init()                                      1   2.92e-06   2.92e-06   2.92e-06   0.00%
post_timestep                                    4  2.471e-06  2.471e-06  2.471e-06   0.00%
DistributionMapping::Distribute()                1  1.995e-06  1.995e-06  1.995e-06   0.00%
DistributionMapping::LeastUsedCPUs()             1  1.504e-06  1.504e-06  1.504e-06   0.00%
-------------------------------------------------------------------------------------------

-------------------------------------------------------------------------------------------
Name                                        NCalls  Incl. Min  Incl. Avg  Incl. Max   Max %
-------------------------------------------------------------------------------------------
main()                                           1      10.72      10.72      10.72 100.00%
Amr::init()                                      1      10.51      10.51      10.51  97.97%
Amr::initialInit()                               1      10.51      10.51      10.51  97.97%
Amr::InitializeInit()                            1       10.5       10.5       10.5  97.95%
Amr::defBaseLevel()                              1       10.5       10.5       10.5  97.95%
CNS::initData()                                  1       10.5       10.5       10.5  97.94%
Amr::coarseTimeStep()                            4     0.2169     0.2169     0.2169   2.02%
Amr::timeStep()                                  4     0.2091     0.2091     0.2091   1.95%
CNS::advance()                                   4     0.2089     0.2089     0.2089   1.95%
FillPatchIterator::Initialize                    8     0.1071     0.1071     0.1071   1.00%
FillPatchSingleLevel                             8     0.0946     0.0946     0.0946   0.88%
StateDataPhysBCFunct::()                         8    0.09252    0.09252    0.09252   0.86%
CNS::compute_dSdt()                              8    0.08129    0.08129    0.08129   0.76%
StateData::FillBoundary(geom)                  192      0.039      0.039      0.039   0.36%
FabArray::setDomainBndry()                       8    0.01238    0.01238    0.01238   0.12%
CNS::computeTemp()                               8   0.009441   0.009441   0.009441   0.09%
FabArray::sum()                                 25   0.007846   0.007846   0.007846   0.07%
postCoarseTimeStep()                             4   0.006121   0.006121   0.006121   0.06%
amrex::Copy()                                    8   0.005234   0.005234   0.005234   0.05%
FabArray::LinComb()                              8   0.004524   0.004524   0.004524   0.04%
Amr::FinalizeInit()                              1   0.002728   0.002728   0.002728   0.03%
CNS::estTimeStep()                               5    0.00233    0.00233    0.00233   0.02%
FabArray::ParallelCopy()                         8   0.002064   0.002064   0.002064   0.02%
FabArray::ParallelCopy_nowait()                  8   0.002051   0.002051   0.002051   0.02%
FabArray::Saxpy()                                4    0.00078    0.00078    0.00078   0.01%
AmrLevel::AmrLevel(dm)                           1  0.0005523  0.0005523  0.0005523   0.01%
Amr::InitAmr()                                   1  0.0002642  0.0002642  0.0002642   0.00%
FabArrayBase::getCPC()                           8  0.0001486  0.0001486  0.0001486   0.00%
FabArrayBase::CPC::define()                      1   0.000137   0.000137   0.000137   0.00%
Amr::readProbinFile()                            1  4.614e-05  4.614e-05  4.614e-05   0.00%
StateData::define()                              1  2.992e-05  2.992e-05  2.992e-05   0.00%
Amr::initSubcycle()                              1  8.132e-06  8.132e-06  8.132e-06   0.00%
DistributionMapping::SFCProcessorMapDoIt()       1  6.711e-06  6.711e-06  6.711e-06   0.00%
FabArray::ParallelCopy_finish()                  8  4.818e-06  4.818e-06  4.818e-06   0.00%
post_timestep                                    4  2.471e-06  2.471e-06  2.471e-06   0.00%
DistributionMapping::Distribute()                1  1.995e-06  1.995e-06  1.995e-06   0.00%
DistributionMapping::LeastUsedCPUs()             1  1.504e-06  1.504e-06  1.504e-06   0.00%
-------------------------------------------------------------------------------------------

Unused ParmParse Variables:
  [TOP]::amr.ref_ratio(nvals = 4)  :: [2, 2, 2, 2]
  [TOP]::amr.regrid_int(nvals = 4)  :: [2, 2, 2, 2]
  [TOP]::amr.derive_plot_vars(nvals = 4)  :: [pressure, x_velocity, y_velocity, z_velocity]

Managed Memory Usage:
------------------------------------------------------------------
Name                             Nalloc  Nfree    AvgMem    MaxMem
------------------------------------------------------------------
The_Arena::Initialize()               1      1   319 KiB    11 GiB
CNS::advance()                       72     72  1088 KiB    53 MiB
CNS::compute_dSdt()                 320    320   364 KiB    52 MiB
ResizeRandomSeed                      1      1    58 MiB    30 MiB
FillPatchIterator::Initialize        64     64   213 KiB    19 MiB
StateData::define()                   8      8    19 MiB    19 MiB
StateDataPhysBCFunct::()            128    128  3560   B  2142 KiB
CNS::estTimeStep()                    7      7    56   B   161 KiB
FabArray::sum()                      25     25   118   B   160 KiB
FabArray::ParallelCopy_nowait()       8      8     3   B    24 KiB
StateData::FillBoundary(geom)       192    192     5   B  4224   B
amrex::Copy()                        13     13    19   B  2320   B
FabArray::LinComb()                   5      5    27   B  2048   B
Amr::InitAmr()                        2      2   127   B   128   B
------------------------------------------------------------------

Device Memory Usage:
----------------------------------------------------------------
Name                            Nalloc  Nfree   AvgMem    MaxMem
----------------------------------------------------------------
The_Device_Arena::Initialize()       1      1  215   B  8192 KiB
----------------------------------------------------------------

Pinned Memory Usage:
------------------------------------------------------------------
Name                             Nalloc  Nfree    AvgMem    MaxMem
------------------------------------------------------------------
The_Pinned_Arena::Initialize()        1      1  3863   B  8192 KiB
FabArray::ParallelCopy_nowait()       8      8     4   B    24 KiB
StateData::FillBoundary(geom)       192    192     5   B  4224   B
amrex::Copy()                        13     13    19   B  2320   B
FabArray::LinComb()                   5      5    27   B  2048   B
CNS::estTimeStep()                    7      7    26   B  1312   B
FabArray::sum()                      25     25     0   B    16   B
------------------------------------------------------------------

Total GPU global memory (MB) spread across MPI: [16151 ... 16151]
Free  GPU global memory (MB) spread across MPI: [7221 ... 7221]
[The         Arena] space (MB) allocated spread across MPI: [12113 ... 12113]
[The         Arena] space (MB) used      spread across MPI: [0 ... 0]
[The  Device Arena] space (MB) allocated spread across MPI: [8 ... 8]
[The  Device Arena] space (MB) used      spread across MPI: [0 ... 0]
[The  Pinned Arena] space (MB) allocated spread across MPI: [8 ... 8]
[The  Pinned Arena] space (MB) used      spread across MPI: [0 ... 0]
AMReX (2b1434edf43e-dirty) finalized
==PROF== Disconnected from process 2437673
==PROF== Report: /home/ziangli/amrex/CNS/Exec/Sod/kernels.ncu-rep
