MPI initialized with 2 MPI processes
MPI initialized with thread support level 0
Initializing CUDA...
Multiple GPUs are visible to each MPI rank, but the number of GPUs per socket or node has not been provided.
This may lead to incorrect or suboptimal rank-to-GPU mapping.!
Multiple GPUs are visible to each MPI rank, but the number of GPUs per socket or node has not been provided.
This may lead to incorrect or suboptimal rank-to-GPU mapping.!
CUDA initialized with 2 devices.
AMReX (cb96a31066cb-dirty) initialized
Successfully read inputs file ... 
Successfully read inputs file ... 
Starting to call amrex_probinit ... 
Successfully run amrex_probinit
grid_places() time: 0.002220639 new finest: 1
grid_places() time: 0.001310374 new finest: 2
grid_places() time: 0.003550662 new finest: 3
Now regridding at level lbase = 0
grid_places() time: 0.010581172 new finest: 4
STEP = 0 TIME = 0 : REGRID  with lbase = 0
  Level 1   4 grids  491520 cells  23.4375 % of domain
            smallest grid: 32 x 64 x 32  biggest grid: 48 x 64 x 64
  Level 2   4 grids  786432 cells  4.6875 % of domain
            smallest grid: 32 x 64 x 64  biggest grid: 64 x 64 x 64
  Level 3   6 grids  1572864 cells  1.171875 % of domain
            smallest grid: 64 x 64 x 64  biggest grid: 64 x 64 x 64
  Level 4   15 grids  3932160 cells  0.3662109375 % of domain
            smallest grid: 64 x 64 x 64  biggest grid: 64 x 64 x 64

Now regridding at level lbase = 0
grid_places() time: 0.010514036 new finest: 4
STEP = 0 TIME = 0 : REGRID  with lbase = 0
  Level 1   4 grids  491520 cells  23.4375 % of domain
            smallest grid: 32 x 64 x 32  biggest grid: 48 x 64 x 64
  Level 2   14 grids  1114112 cells  6.640625 % of domain
            smallest grid: 16 x 16 x 64  biggest grid: 48 x 48 x 64
  Level 3   44 grids  3727360 cells  2.777099609 % of domain
            smallest grid: 16 x 16 x 32  biggest grid: 48 x 64 x 64
  Level 4   48 grids  9437184 cells  0.87890625 % of domain
            smallest grid: 64 x 32 x 64  biggest grid: 64 x 64 x 64

Now regridding at level lbase = 0
grid_places() time: 0.023245306 new finest: 4
STEP = 0 TIME = 0 : REGRID  with lbase = 0
  Level 1   4 grids  491520 cells  23.4375 % of domain
            smallest grid: 32 x 64 x 32  biggest grid: 48 x 64 x 64
  Level 2   8 grids  1146880 cells  6.8359375 % of domain
            smallest grid: 48 x 32 x 64  biggest grid: 64 x 48 x 64
  Level 3   24 grids  4415488 cells  3.289794922 % of domain
            smallest grid: 48 x 48 x 32  biggest grid: 64 x 64 x 64
  Level 4   105 grids  21299200 cells  1.983642578 % of domain
            smallest grid: 64 x 32 x 32  biggest grid: 64 x 64 x 64

Now regridding at level lbase = 0
grid_places() time: 0.02472343 new finest: 4
STEP = 0 TIME = 0 : REGRID  with lbase = 0
  Level 1   4 grids  491520 cells  23.4375 % of domain
            smallest grid: 32 x 64 x 32  biggest grid: 48 x 64 x 64
  Level 2   8 grids  1146880 cells  6.8359375 % of domain
            smallest grid: 48 x 32 x 64  biggest grid: 64 x 48 x 64
  Level 3   24 grids  4415488 cells  3.289794922 % of domain
            smallest grid: 48 x 48 x 32  biggest grid: 64 x 64 x 64
  Level 4   105 grids  21299200 cells  1.983642578 % of domain
            smallest grid: 64 x 32 x 32  biggest grid: 64 x 64 x 64

INITIAL GRIDS 
  Level 0   2 grids  262144 cells  100 % of domain
            smallest grid: 64 x 64 x 32  biggest grid: 64 x 64 x 32
  Level 1   4 grids  491520 cells  23.4375 % of domain
            smallest grid: 32 x 64 x 32  biggest grid: 48 x 64 x 64
  Level 2   8 grids  1146880 cells  6.8359375 % of domain
            smallest grid: 48 x 32 x 64  biggest grid: 64 x 48 x 64
  Level 3   24 grids  4415488 cells  3.289794922 % of domain
            smallest grid: 48 x 48 x 32  biggest grid: 64 x 64 x 64
  Level 4   105 grids  21299200 cells  1.983642578 % of domain
            smallest grid: 64 x 32 x 32  biggest grid: 64 x 64 x 64

grid_places() time: 0.045358392 new finest: 4

[CNS] Total mass       is 147187.9253778815
      Total x-momentum is 0
      Total y-momentum is 0
      Total z-momentum is 0
      Total energy     is 359911.85075576301
[Level 0 step 1] ADVANCE with dt = 0.003961660569
[Level 0 step 1] Advanced 262144 cells
[Level 1 step 1] ADVANCE with dt = 0.001980830285
[Level 1 step 1] Advanced 491520 cells
[Level 2 step 1] ADVANCE with dt = 0.0009904151423
[Level 2 step 1] Advanced 1146880 cells
[Level 3 step 1] ADVANCE with dt = 0.0004952075711
[Level 3 step 1] Advanced 4415488 cells
[Level 4 step 1] ADVANCE with dt = 0.0002476037856
[Level 4 step 1] Advanced 21299200 cells
[Level 4 step 2] ADVANCE with dt = 0.0002476037856
[Level 4 step 2] Advanced 21299200 cells
[Level 3 step 2] ADVANCE with dt = 0.0004952075711
[Level 3 step 2] Advanced 4415488 cells
[Level 4 step 3] ADVANCE with dt = 0.0002476037856
[Level 4 step 3] Advanced 21299200 cells
[Level 4 step 4] ADVANCE with dt = 0.0002476037856
[Level 4 step 4] Advanced 21299200 cells
Now regridding at level lbase = 3
Load balance on level 4 at t = 0.0009904151423
grid_places() time: 0.021268262 new finest: 4
TIME = 0.0009904151423 : REGRID  with lbase = 3
  Level 4   105 grids  21299200 cells  1.983642578 % of domain
            smallest grid: 64 x 32 x 32  biggest grid: 64 x 64 x 64

[Level 2 step 2] ADVANCE with dt = 0.0009904151423
[Level 2 step 2] Advanced 1146880 cells
[Level 3 step 3] ADVANCE with dt = 0.0004952075711
[Level 3 step 3] Advanced 4415488 cells
[Level 4 step 5] ADVANCE with dt = 0.0002476037856
[Level 4 step 5] Advanced 21299200 cells
[Level 4 step 6] ADVANCE with dt = 0.0002476037856
[Level 4 step 6] Advanced 21299200 cells
[Level 3 step 4] ADVANCE with dt = 0.0004952075711
[Level 3 step 4] Advanced 4415488 cells
[Level 4 step 7] ADVANCE with dt = 0.0002476037856
[Level 4 step 7] Advanced 21299200 cells
[Level 4 step 8] ADVANCE with dt = 0.0002476037856
[Level 4 step 8] Advanced 21299200 cells
Now regridding at level lbase = 2
Load balance on level 3 at t = 0.001980830285
grid_places() time: 0.027440611 new finest: 4
Load balance on level 4 at t = 0.001980830285
TIME = 0.001980830285 : REGRID  with lbase = 2
  Level 3   24 grids  4415488 cells  3.289794922 % of domain
            smallest grid: 48 x 48 x 32  biggest grid: 64 x 64 x 64
  Level 4   105 grids  21299200 cells  1.983642578 % of domain
            smallest grid: 64 x 32 x 32  biggest grid: 64 x 64 x 64

[Level 1 step 2] ADVANCE with dt = 0.001980830285
[Level 1 step 2] Advanced 491520 cells
[Level 2 step 3] ADVANCE with dt = 0.0009904151423
[Level 2 step 3] Advanced 1146880 cells
[Level 3 step 5] ADVANCE with dt = 0.0004952075711
[Level 3 step 5] Advanced 4415488 cells
[Level 4 step 9] ADVANCE with dt = 0.0002476037856
[Level 4 step 9] Advanced 21299200 cells
[Level 4 step 10] ADVANCE with dt = 0.0002476037856
[Level 4 step 10] Advanced 21299200 cells
[Level 3 step 6] ADVANCE with dt = 0.0004952075711
[Level 3 step 6] Advanced 4415488 cells
[Level 4 step 11] ADVANCE with dt = 0.0002476037856
[Level 4 step 11] Advanced 21299200 cells
[Level 4 step 12] ADVANCE with dt = 0.0002476037856
[Level 4 step 12] Advanced 21299200 cells
Now regridding at level lbase = 3
Load balance on level 4 at t = 0.002971245427
grid_places() time: 0.021852062 new finest: 4
TIME = 0.002971245427 : REGRID  with lbase = 3
  Level 4   105 grids  21299200 cells  1.983642578 % of domain
            smallest grid: 64 x 32 x 32  biggest grid: 64 x 64 x 64

[Level 2 step 4] ADVANCE with dt = 0.0009904151423
[Level 2 step 4] Advanced 1146880 cells
[Level 3 step 7] ADVANCE with dt = 0.0004952075711
[Level 3 step 7] Advanced 4415488 cells
[Level 4 step 13] ADVANCE with dt = 0.0002476037856
[Level 4 step 13] Advanced 21299200 cells
[Level 4 step 14] ADVANCE with dt = 0.0002476037856
[Level 4 step 14] Advanced 21299200 cells
[Level 3 step 8] ADVANCE with dt = 0.0004952075711
[Level 3 step 8] Advanced 4415488 cells
[Level 4 step 15] ADVANCE with dt = 0.0002476037856
[Level 4 step 15] Advanced 21299200 cells
[Level 4 step 16] ADVANCE with dt = 0.0002476037856
[Level 4 step 16] Advanced 21299200 cells

STEP = 1 TIME = 0.003961660569 DT = 0.003961660569


[CNS] Total mass       is 147187.9253778815
      Total x-momentum is 934.67299338936118
      Total y-momentum is -4.5820552213582388e-14
      Total z-momentum is 1.3877787807814457e-17
      Total energy     is 359911.85075576301

[STEP 1] Coarse TimeStep time: 294.6891205
[STEP 1] FAB kilobyte spread across MPI nodes: [10949607 ... 11024530]

Run Time total        = 300.0917473
Run Time init         = 5.401298124
Run Time advance      = 294.6891694


TinyProfiler total time across processes [min...avg...max]: 300.1 ... 300.1 ... 300.1

--------------------------------------------------------------------------------------------
Name                                         NCalls  Excl. Min  Excl. Avg  Excl. Max   Max %
--------------------------------------------------------------------------------------------
CNS::compute_dSdt()                              62        251      253.4      255.8  85.24%
CNS::computeTemp()                               81      13.88      13.92      13.97   4.66%
FabArray::ParallelCopy_finish()                 716      6.975       9.33      11.68   3.89%
FabArray::ParallelCopy_nowait()                 716      6.892      7.018      7.144   2.38%
FabArray::LinComb()                              62      6.738      6.817      6.896   2.30%
FabArray::Saxpy()                                31      2.479       2.51      2.541   0.85%
CNS::initData()                                  21      1.524       1.56      1.596   0.53%
Amr::timeStep()                                  31      1.255      1.334      1.412   0.47%
FabArray::setVal()                              594     0.7629     0.7942     0.8256   0.28%
EB_average_down                                  19     0.6173     0.6598     0.7022   0.23%
DistributionMapping::LeastUsedCPUs()             30     0.1612      0.362     0.5628   0.19%
amrex::Copy()                                   103     0.4173     0.4619     0.5064   0.17%
FillPatchSingleLevel                            134     0.4421     0.4472     0.4522   0.15%
AmrLevel::AmrLevel(dm)                           25     0.3497     0.3657     0.3816   0.13%
CNS::estTimeStep()                                6     0.3451     0.3453     0.3456   0.12%
EB2::GShopLevel()-fine                            1     0.1463     0.1463     0.1464   0.05%
CNS::errorEst()                                  24     0.1074     0.1085     0.1097   0.04%
CNS::advance()                                   31    0.03227    0.04702    0.06178   0.02%
CellConservativeLinear::interp()                178    0.03487    0.04735    0.05984   0.02%
StateData::FillBoundary(dx)                      14     0.0221    0.03781    0.05351   0.02%
FillBoundary_finish()                            72     0.0363    0.03993    0.04355   0.01%
FillPatchInterp(Fab)                             60    0.03428    0.03529     0.0363   0.01%
FillBoundary_nowait()                            72    0.02605    0.03076    0.03547   0.01%
FabArrayBase::CPC::define()                     320     0.0314    0.03267    0.03393   0.01%
TagBoxArray::collate()                           24    0.02976    0.03078    0.03179   0.01%
makeKnapSack                                      4    0.00469    0.01646    0.02822   0.01%
Amr::regrid()                                     7    0.02603    0.02643    0.02683   0.01%
EB2::GShopLevel()-coarse                          4    0.02189     0.0219    0.02191   0.01%
FabArray::BuildMask()                            25    0.01405    0.01736    0.02066   0.01%
AmrMesh::MakeNewGrids()                          11    0.01906    0.01916    0.01926   0.01%
FabArrayBase::FB::FB()                           52    0.01422    0.01459    0.01495   0.00%
FillPatchIterator::Initialize                    74   0.007852   0.008024   0.008197   0.00%
StateData::define()                              50    0.00688   0.007211   0.007543   0.00%
amrex::Add()                                     39    0.00611   0.006389   0.006668   0.00%
FabArray::ParallelCopy()                        716   0.005261   0.005691   0.006121   0.00%
FabArray::setVal(val, thecmd, scomp, ncomp)      73   0.004825   0.005263   0.005701   0.00%
FillPatchTwoLevels                               72   0.004369   0.004742   0.005115   0.00%
FabArray::setDomainBndry()                      134   0.003022   0.003954   0.004886   0.00%
CNS::avgDown()                                   19   0.003877   0.004128    0.00438   0.00%
StateDataPhysBCFunct::()                        134    0.00269   0.003487   0.004284   0.00%
FPinfo::FPinfo()                                 16   0.003072    0.00308   0.003089   0.00%
FabArrayBase::getCPC()                          736   0.002627    0.00263   0.002634   0.00%
TagBoxArray::mapPRD                              24   0.002337    0.00238   0.002423   0.00%
main()                                            1   0.001989   0.002178   0.002366   0.00%
EB2::Initialize()                                 1   0.001265   0.001326   0.001388   0.00%
OwnerMask()                                      24   0.001086   0.001087   0.001089   0.00%
makeLoadBalanceDistributionMap()                  4  0.0005804  0.0008316   0.001083   0.00%
Amr::bldFineLevels()                              1  0.0008942  0.0009458  0.0009974   0.00%
CNS::buildMetrics()                              25  0.0007051  0.0008292  0.0009534   0.00%
FabArrayBase::getFB()                            97  0.0004285  0.0004652   0.000502   0.00%
MultiFab::Multiply()                             10   0.000375  0.0004047  0.0004345   0.00%
FabArray::sum()                                  10  0.0003205  0.0003557  0.0003909   0.00%
FabArray::RecvLayoutMask()                       24  0.0002305   0.000297  0.0003636   0.00%
BoxList::parallelComplementIn()                  35  5.603e-05  0.0001572  0.0002584   0.00%
FabArray::FillBoundary()                         72  0.0002099  0.0002291  0.0002483   0.00%
FabArrayBase::TheFPinfo()                        68  0.0002001  0.0002011  0.0002022   0.00%
Amr::readProbinFile()                             1  3.419e-05  0.0001147  0.0001953   0.00%
knapsack()                                       12  0.0001907  0.0001923   0.000194   0.00%
DistributionMapping::SFCProcessorMapDoIt()       18  0.0001747  0.0001791  0.0001834   0.00%
Amr::InitAmr()                                    1   0.000135  0.0001367  0.0001383   0.00%
Amr::FinalizeInit()                               1  6.431e-05  0.0001013  0.0001382   0.00%
AmrMesh-cluster                                  12          0  6.685e-05  0.0001337   0.00%
BoxList::complementIn                            59  0.0001007   0.000107  0.0001132   0.00%
Amr::coarseTimeStep()                             1  9.942e-05  0.0001046  0.0001097   0.00%
ClusterList::intersect()                         12          0  5.009e-05  0.0001002   0.00%
ClusterList::chop()                              12          0  3.947e-05  7.894e-05   0.00%
DistributionMapping::KnapSackDoIt()              12  5.917e-05  6.848e-05  7.779e-05   0.00%
Amr::grid_places()                               11  5.306e-05  5.867e-05  6.427e-05   0.00%
DistributionMapping::Distribute()                18  3.363e-05  3.454e-05  3.544e-05   0.00%
Amr::InitializeInit()                             1  1.093e-05  1.744e-05  2.394e-05   0.00%
Amr::defBaseLevel()                               1  1.643e-05  1.929e-05  2.215e-05   0.00%
Amr::initialInit()                                1  1.141e-05  1.251e-05  1.361e-05   0.00%
initializeEB2                                     1  1.199e-05  1.242e-05  1.285e-05   0.00%
Amr::initSubcycle()                               1  9.221e-06  9.744e-06  1.027e-05   0.00%
Amr::init()                                       1  1.977e-06  2.632e-06  3.288e-06   0.00%
knapsack()swap                                    1   7.66e-07  7.665e-07   7.67e-07   0.00%
--------------------------------------------------------------------------------------------

--------------------------------------------------------------------------------------------
Name                                         NCalls  Incl. Min  Incl. Avg  Incl. Max   Max %
--------------------------------------------------------------------------------------------
main()                                            1      300.1      300.1      300.1 100.00%
Amr::coarseTimeStep()                             1      294.7      294.7      294.7  98.20%
Amr::timeStep()                                  31      294.3      294.3      294.3  98.08%
CNS::advance()                                   31        287      287.3      287.7  95.86%
CNS::compute_dSdt()                              62        251      253.4      255.8  85.24%
FabArray::ParallelCopy()                        716      14.25      16.48      18.71   6.24%
FillPatchIterator::Initialize                    74         11      13.05       15.1   5.03%
FillPatchTwoLevels                               72      10.96      13.01      15.07   5.02%
CNS::computeTemp()                               81      13.88      13.92      13.97   4.66%
FillPatchSingleLevel                            134      9.777      11.66      13.54   4.51%
FabArray::ParallelCopy_finish()                 716      6.975       9.33      11.68   3.89%
Amr::regrid()                                     7      7.583      7.594      7.604   2.53%
FabArray::ParallelCopy_nowait()                 716      7.021      7.146      7.272   2.42%
FabArray::LinComb()                              62      6.738      6.817      6.896   2.30%
Amr::init()                                       1      5.169      5.169       5.17   1.72%
Amr::initialInit()                                1      5.169      5.169       5.17   1.72%
Amr::FinalizeInit()                               1      5.157      5.158      5.158   1.72%
Amr::bldFineLevels()                              1      4.688      4.699       4.71   1.57%
AmrLevel::AmrLevel(dm)                           25      3.997      4.008      4.019   1.34%
FabArray::Saxpy()                                31      2.479       2.51      2.541   0.85%
CNS::avgDown()                                   19      1.986      2.114      2.242   0.75%
CNS::initData()                                  21      1.554      1.583      1.613   0.54%
EB_average_down                                  19     0.8424     0.9378      1.033   0.34%
FabArray::setVal()                              594     0.7629     0.7942     0.8256   0.28%
DistributionMapping::LeastUsedCPUs()             30     0.1612      0.362     0.5628   0.19%
FabArrayBase::TheFPinfo()                        68     0.1678     0.3609      0.554   0.18%
FPinfo::FPinfo()                                 16     0.1676     0.3607     0.5538   0.18%
DistributionMapping::KnapSackDoIt()              12     0.1394     0.3324     0.5254   0.18%
amrex::Copy()                                   103     0.4173     0.4619     0.5064   0.17%
CNS::estTimeStep()                                6     0.3451     0.3453     0.3456   0.12%
initializeEB2                                     1     0.2313     0.2313     0.2314   0.08%
EB2::Initialize()                                 1     0.2313     0.2313     0.2314   0.08%
Amr::grid_places()                               11     0.1671     0.1673     0.1675   0.06%
AmrMesh::MakeNewGrids()                          11      0.167     0.1672     0.1675   0.06%
EB2::GShopLevel()-fine                            1     0.1464     0.1464     0.1464   0.05%
makeLoadBalanceDistributionMap()                  4     0.1261     0.1265      0.127   0.04%
CNS::errorEst()                                  24     0.1074     0.1085     0.1097   0.04%
FillPatchInterp(Fab)                             60    0.06914    0.08264    0.09614   0.03%
FabArray::FillBoundary()                         72    0.08077    0.08224    0.08372   0.03%
EB2::GShopLevel()-coarse                          4     0.0836    0.08361    0.08361   0.03%
CellConservativeLinear::interp()                178    0.03487    0.04735    0.05984   0.02%
StateDataPhysBCFunct::()                        134    0.02479    0.04129     0.0578   0.02%
StateData::FillBoundary(dx)                      14     0.0221    0.03781    0.05351   0.02%
FillBoundary_nowait()                            72    0.03701    0.04209    0.04717   0.02%
FillBoundary_finish()                            72     0.0363    0.03993    0.04355   0.01%
DistributionMapping::SFCProcessorMapDoIt()       18    0.02231    0.03009    0.03788   0.01%
FabArrayBase::getCPC()                          736    0.03403     0.0353    0.03656   0.01%
FabArrayBase::CPC::define()                     320     0.0314    0.03267    0.03393   0.01%
TagBoxArray::collate()                           24    0.02976    0.03078    0.03179   0.01%
makeKnapSack                                      4   0.004931    0.01687    0.02881   0.01%
CNS::buildMetrics()                              25    0.02072    0.02384    0.02697   0.01%
FabArray::BuildMask()                            25    0.01976    0.02301    0.02626   0.01%
FabArrayBase::getFB()                            97    0.01472    0.01505    0.01538   0.01%
FabArrayBase::FB::FB()                           52    0.01422    0.01459    0.01495   0.00%
Amr::InitializeInit()                             1    0.01163    0.01167    0.01172   0.00%
Amr::defBaseLevel()                               1    0.01142    0.01154    0.01166   0.00%
StateData::define()                              50    0.00688   0.007211   0.007543   0.00%
amrex::Add()                                     39    0.00611   0.006389   0.006668   0.00%
FabArray::setVal(val, thecmd, scomp, ncomp)      73   0.004825   0.005263   0.005701   0.00%
TagBoxArray::mapPRD                              24     0.0048   0.004938   0.005076   0.00%
FabArray::setDomainBndry()                      134   0.003022   0.003954   0.004886   0.00%
OwnerMask()                                      24   0.001086   0.001087   0.001089   0.00%
MultiFab::Multiply()                             10   0.000375  0.0004047  0.0004345   0.00%
FabArray::sum()                                  10  0.0003205  0.0003557  0.0003909   0.00%
FabArray::RecvLayoutMask()                       24  0.0002305   0.000297  0.0003636   0.00%
BoxList::parallelComplementIn()                  35  0.0001427  0.0002424  0.0003421   0.00%
AmrMesh-cluster                                  12          0  0.0001564  0.0003128   0.00%
Amr::readProbinFile()                             1  3.419e-05  0.0001147  0.0001953   0.00%
knapsack()                                       12  0.0001914  0.0001931  0.0001947   0.00%
Amr::InitAmr()                                    1  0.0001453  0.0001464  0.0001475   0.00%
BoxList::complementIn                            59  0.0001007   0.000107  0.0001132   0.00%
ClusterList::intersect()                         12          0  5.009e-05  0.0001002   0.00%
ClusterList::chop()                              12          0  3.947e-05  7.894e-05   0.00%
DistributionMapping::Distribute()                18  3.363e-05  3.454e-05  3.544e-05   0.00%
Amr::initSubcycle()                               1  9.221e-06  9.744e-06  1.027e-05   0.00%
knapsack()swap                                    1   7.66e-07  7.665e-07   7.67e-07   0.00%
--------------------------------------------------------------------------------------------

Unused ParmParse Variables:
  [TOP]::amr.derive_plot_vars(nvals = 4)  :: [pressure, x_velocity, y_velocity, z_velocity]

Managed Memory Usage:
----------------------------------------------------------------------------------------------------------------------------------
Name                                         Nalloc  Nfree  AvgMem min  AvgMem avg  AvgMem max  MaxMem min  MaxMem avg  MaxMem max
----------------------------------------------------------------------------------------------------------------------------------
The_Arena::Initialize()                           2      2     844 KiB     845 KiB     845 KiB      11 GiB      11 GiB      11 GiB
AmrLevel::AmrLevel(dm)                        25254  25254    2201 MiB    2257 MiB    2313 MiB    4153 MiB    4234 MiB    4315 MiB
CNS::advance()                                 4792   4792    2438 MiB    2452 MiB    2466 MiB    2814 MiB    2832 MiB    2849 MiB
EB2::GShopLevel()-fine                         6002   6002    2536 MiB    2536 MiB    2536 MiB    2563 MiB    2563 MiB    2563 MiB
StateData::define()                            1985   1985    1288 MiB    1295 MiB    1302 MiB    2333 MiB    2343 MiB    2354 MiB
FillPatchIterator::Initialize                  4845   4845      27 MiB      32 MiB      38 MiB     930 MiB     935 MiB     939 MiB
EB2::GShopLevel()-coarse                       3786   3786     408 MiB     408 MiB     408 MiB     436 MiB     437 MiB     437 MiB
Amr::regrid()                                  5110   5110     194 MiB     194 MiB     194 MiB     343 MiB     346 MiB     349 MiB
Amr::timeStep()                                1194   1194     319 KiB     337 KiB     355 KiB     136 MiB     139 MiB     142 MiB
FillPatchSingleLevel                            468    468     228 KiB     626 KiB    1024 KiB     122 MiB     125 MiB     127 MiB
CNS::buildMetrics()                             787    787      58 MiB      58 MiB      58 MiB     105 MiB     105 MiB     105 MiB
FillPatchTwoLevels                              720    720     315 KiB     412 KiB     510 KiB      87 MiB      87 MiB      87 MiB
CNS::avgDown()                                 1097   1097     487 KiB     514 KiB     542 KiB      83 MiB      83 MiB      84 MiB
makeLoadBalanceDistributionMap()                339    339      33 KiB      33 KiB      33 KiB      82 MiB      82 MiB      83 MiB
EB_average_down                                1097   1097     179 KiB     198 KiB     216 KiB      72 MiB      73 MiB      73 MiB
FPinfo::FPinfo()                                282    282      40 MiB      40 MiB      40 MiB      43 MiB      43 MiB      43 MiB
Amr::bldFineLevels()                            241    241      25 KiB      26 KiB      27 KiB      31 MiB      32 MiB      33 MiB
CellConservativeLinear::interp()                712    712    2644   B    2645   B    2646   B      31 MiB      31 MiB      31 MiB
ResizeRandomSeed                                  2      2      30 MiB      30 MiB      30 MiB      30 MiB      30 MiB      30 MiB
CNS::compute_dSdt()                            7440   7440    3204 KiB    3249 KiB    3294 KiB    4223 KiB    4223 KiB    4223 KiB
AmrMesh::MakeNewGrids()                         484    484     819   B     827   B     835   B    2252 KiB    2292 KiB    2332 KiB
Amr::FinalizeInit()                               2      2      10   B      10   B      10   B    1024 KiB    1024 KiB    1024 KiB
Amr::coarseTimeStep()                             2      2      10   B      10   B      11   B    1024 KiB    1024 KiB    1024 KiB
FabArray::setVal()                             1179   1179     105 KiB     111 KiB     118 KiB     151 KiB     165 KiB     179 KiB
FabArray::sum()                                  24     24       0   B       0   B       0   B     160 KiB     160 KiB     160 KiB
makeKnapSack                                    339    339       1   B       1   B       1   B     160 KiB     160 KiB     160 KiB
FabArray::ParallelCopy_nowait()                2706   2706    1127   B    1166   B    1205   B     117 KiB     120 KiB     123 KiB
FillBoundary_nowait()                           278    278       1   B       1   B       1   B      80 KiB      80 KiB      80 KiB
FabArray::ParallelCopy_finish()                1338   1338     103   B     107   B     112   B      70 KiB      70 KiB      70 KiB
FabArray::setVal(val, thecmd, scomp, ncomp)     278    278       0   B       0   B       0   B      63 KiB      64 KiB      66 KiB
amrex::Copy()                                   271    271      20 KiB      20 KiB      20 KiB      41 KiB      41 KiB      42 KiB
TagBoxArray::mapPRD                             444    444       0   B       0   B       0   B      35 KiB      35 KiB      36 KiB
FabArray::LinComb()                              80     80      12 KiB      12 KiB      13 KiB      22 KiB      24 KiB      26 KiB
FabArray::BuildMask()                            71     71      10 KiB      10 KiB      11 KiB      19 KiB      19 KiB      20 KiB
FillBoundary_finish()                           144    144       0   B       0   B       0   B      19 KiB      19 KiB      19 KiB
OwnerMask()                                     222    222       0   B       0   B       0   B      17 KiB      17 KiB      18 KiB
amrex::Add()                                     27     27       0   B       0   B       0   B    1920   B    2816   B    3712   B
----------------------------------------------------------------------------------------------------------------------------------

Device Memory Usage:
---------------------------------------------------------------------------------------------------------------------
Name                            Nalloc  Nfree  AvgMem min  AvgMem avg  AvgMem max  MaxMem min  MaxMem avg  MaxMem max
---------------------------------------------------------------------------------------------------------------------
The_Device_Arena::Initialize()       2      2       8   B       8   B       8   B    8192 KiB    8192 KiB    8192 KiB
TagBoxArray::collate()             144    144       0   B       0   B       0   B      42 KiB      42 KiB      42 KiB
---------------------------------------------------------------------------------------------------------------------

Pinned Memory Usage:
----------------------------------------------------------------------------------------------------------------------------------
Name                                         Nalloc  Nfree  AvgMem min  AvgMem avg  AvgMem max  MaxMem min  MaxMem avg  MaxMem max
----------------------------------------------------------------------------------------------------------------------------------
FabArray::ParallelCopy_nowait()                5382   5382    8557 KiB    8664 KiB    8771 KiB     595 MiB     595 MiB     595 MiB
FillBoundary_nowait()                           566    566     896   B     924   B     952   B    8193 KiB    8193 KiB    8194 KiB
The_Pinned_Arena::Initialize()                    2      2     123   B     128   B     134   B    8192 KiB    8192 KiB    8192 KiB
FabArray::setVal()                             1179   1179     105 KiB     111 KiB     118 KiB     151 KiB     165 KiB     179 KiB
TagBoxArray::collate()                          192    192       1   B       2   B       3   B      42 KiB      73 KiB     105 KiB
FabArray::ParallelCopy_finish()                1338   1338     103   B     107   B     112   B      70 KiB      70 KiB      70 KiB
FabArray::setVal(val, thecmd, scomp, ncomp)     278    278       0   B       0   B       0   B      63 KiB      64 KiB      66 KiB
amrex::Copy()                                   271    271      20 KiB      20 KiB      20 KiB      41 KiB      41 KiB      42 KiB
FabArray::LinComb()                              80     80      12 KiB      12 KiB      13 KiB      22 KiB      24 KiB      26 KiB
FabArray::BuildMask()                            71     71      10 KiB      10 KiB      11 KiB      19 KiB      19 KiB      20 KiB
FillBoundary_finish()                           144    144       0   B       0   B       0   B      19 KiB      19 KiB      19 KiB
amrex::Add()                                     27     27       0   B       0   B       0   B    1920   B    2816   B    3712   B
AmrMesh::MakeNewGrids()                          40     40       0   B       0   B       0   B    2704   B    2960   B    3216   B
CellConservativeLinear::interp()                356    356       0   B       0   B       0   B     528   B     528   B     528   B
FabArray::sum()                                  24     24       0   B       0   B       0   B     144   B     144   B     144   B
StateData::define()                             411    411       0   B       0   B       0   B      16   B      16   B      16   B
makeKnapSack                                    339    339       0   B       0   B       0   B      16   B      16   B      16   B
Amr::timeStep()                                   4      4       0   B       0   B       0   B      16   B      16   B      16   B
FillPatchTwoLevels                                8      8       0   B       0   B       0   B      16   B      16   B      16   B
FPinfo::FPinfo()                                 94     94       0   B       0   B       0   B      16   B      16   B      16   B
EB2::GShopLevel()-fine                         4248   4248       0   B       0   B       0   B      16   B      16   B      16   B
EB2::GShopLevel()-coarse                         47     47       0   B       0   B       0   B      16   B      16   B      16   B
CNS::compute_dSdt()                            6528   6528       0   B       0   B       0   B      16   B      16   B      16   B
AmrLevel::AmrLevel(dm)                         2431   2431       0   B       0   B       0   B      16   B      16   B      16   B
----------------------------------------------------------------------------------------------------------------------------------

Total GPU global memory (MB) spread across MPI: [16151 ... 16151]
Free  GPU global memory (MB) spread across MPI: [4929 ... 4929]
[The         Arena] space (MB) allocated spread across MPI: [12113 ... 12113]
[The         Arena] space (MB) used      spread across MPI: [0 ... 0]
[The  Device Arena] space (MB) allocated spread across MPI: [8 ... 8]
[The  Device Arena] space (MB) used      spread across MPI: [0 ... 0]
[The  Pinned Arena] space (MB) allocated spread across MPI: [2064 ... 2204]
[The  Pinned Arena] space (MB) used      spread across MPI: [0 ... 0]
AMReX (cb96a31066cb-dirty) finalized
slurmstepd: error: *** JOB 54852747 ON gl1023 CANCELLED AT 2023-06-26T18:14:14 DUE TO TIME LIMIT ***
