MPI initialized with 2 MPI processes
MPI initialized with thread support level 0
Initializing CUDA...
Multiple GPUs are visible to each MPI rank, but the number of GPUs per socket or node has not been provided.
This may lead to incorrect or suboptimal rank-to-GPU mapping.!
Multiple GPUs are visible to each MPI rank, but the number of GPUs per socket or node has not been provided.
This may lead to incorrect or suboptimal rank-to-GPU mapping.!
CUDA initialized with 2 devices.
AMReX (2b1434edf43e-dirty) initialized
Successfully read inputs file ... 
Successfully read inputs file ... 
Starting to call amrex_probinit ... 
Successfully run amrex_probinit
INITIAL GRIDS 
  Level 0   8 grids  262144 cells  100 % of domain
            smallest grid: 32 x 32 x 32  biggest grid: 32 x 32 x 32


[CNS] Total mass       is 147456
      Total x-momentum is 0
      Total y-momentum is 0
      Total z-momentum is 0
      Total energy     is 360448.00000000006
[Level 0 step 1] ADVANCE with dt = 0.003961660569
[Level 0 step 1] Advanced 262144 cells

STEP = 1 TIME = 0.003961660569 DT = 0.003961660569


[CNS] Total mass       is 147456.00000000003
      Total x-momentum is 934.6729933893613
      Total y-momentum is 0
      Total z-momentum is 0
      Total energy     is 360448.00000000017

[STEP 1] Coarse TimeStep time: 0.033162811
[STEP 1] FAB kilobyte spread across MPI nodes: [62878 ... 62878]

[Level 0 step 2] ADVANCE with dt = 0.00270323629
[Level 0 step 2] Advanced 262144 cells

STEP = 2 TIME = 0.006664896859 DT = 0.00270323629


[CNS] Total mass       is 147456
      Total x-momentum is 1572.4464499343446
      Total y-momentum is 0
      Total z-momentum is 0
      Total energy     is 360448

[STEP 2] Coarse TimeStep time: 0.00365748
[STEP 2] FAB kilobyte spread across MPI nodes: [62878 ... 62878]

[Level 0 step 3] ADVANCE with dt = 0.00246461758
[Level 0 step 3] Advanced 262144 cells

STEP = 3 TIME = 0.009129514439 DT = 0.00246461758


[CNS] Total mass       is 147455.99999999997
      Total x-momentum is 2153.9226896809505
      Total y-momentum is 0
      Total z-momentum is 0
      Total energy     is 360448.00000000017

[STEP 3] Coarse TimeStep time: 0.003639686
[STEP 3] FAB kilobyte spread across MPI nodes: [62878 ... 62878]

[Level 0 step 4] ADVANCE with dt = 0.002365837545
[Level 0 step 4] Advanced 262144 cells

STEP = 4 TIME = 0.01149535198 DT = 0.002365837545


[CNS] Total mass       is 147455.99999999991
      Total x-momentum is 2712.0937952674672
      Total y-momentum is 0
      Total z-momentum is 0
      Total energy     is 360448

[STEP 4] Coarse TimeStep time: 0.003578021
[STEP 4] FAB kilobyte spread across MPI nodes: [62878 ... 62878]

Run Time total        = 0.045648611
Run Time init         = 0.001612971
Run Time advance      = 0.044068703


TinyProfiler total time across processes [min...avg...max]: 0.04574 ... 0.04575 ... 0.04577

-------------------------------------------------------------------------------------------
Name                                        NCalls  Excl. Min  Excl. Avg  Excl. Max   Max %
-------------------------------------------------------------------------------------------
StateDataPhysBCFunct::()                         8    0.02379    0.02464     0.0255  55.72%
FabArray::ParallelCopy_finish()                  8   0.004657   0.005433   0.006209  13.57%
CNS::compute_dSdt()                              8   0.004602   0.004758   0.004913  10.74%
StateData::FillBoundary(geom)                   96   0.002922   0.002951    0.00298   6.51%
FabArray::ParallelCopy_nowait()                  8   0.001785   0.001797   0.001809   3.95%
amrex::Copy()                                    8   0.000985   0.001034   0.001083   2.37%
FabArray::setDomainBndry()                       8  0.0008659  0.0008883  0.0009108   1.99%
CNS::estTimeStep()                               5  0.0004635  0.0006636  0.0008637   1.89%
FabArray::LinComb()                              8  0.0007962  0.0008283  0.0008604   1.88%
CNS::initData()                                  1  0.0004596  0.0004776  0.0004955   1.08%
FabArray::sum()                                 25  0.0004375  0.0004474  0.0004573   1.00%
AmrLevel::AmrLevel(dm)                           1  0.0003795    0.00039  0.0004005   0.88%
main()                                           1  0.0001889   0.000249  0.0003092   0.68%
Amr::InitAmr()                                   1  0.0002054  0.0002243  0.0002432   0.53%
CNS::computeTemp()                               8   0.000179  0.0001835   0.000188   0.41%
CNS::advance()                                   4  0.0001224  0.0001541  0.0001858   0.41%
FabArray::Saxpy()                                4   0.000172  0.0001741  0.0001762   0.39%
Amr::timeStep()                                  4  7.366e-05  8.337e-05  9.309e-05   0.20%
DistributionMapping::LeastUsedCPUs()             1  5.371e-06  3.922e-05  7.307e-05   0.16%
FabArrayBase::CPC::define()                      1  6.777e-05  6.919e-05  7.061e-05   0.15%
Amr::coarseTimeStep()                            4  4.098e-05  4.509e-05   4.92e-05   0.11%
Amr::defBaseLevel()                              1  1.897e-05   3.22e-05  4.543e-05   0.10%
FillPatchIterator::Initialize                    8  3.822e-05  3.939e-05  4.056e-05   0.09%
Amr::readProbinFile()                            1  2.754e-05  2.871e-05  2.988e-05   0.07%
Amr::FinalizeInit()                              1  7.623e-06  1.772e-05  2.781e-05   0.06%
StateData::define()                              1  2.022e-05  2.346e-05  2.671e-05   0.06%
FabArray::ParallelCopy()                         8  8.118e-06  8.677e-06  9.237e-06   0.02%
FillPatchSingleLevel                             8   7.91e-06  8.511e-06  9.112e-06   0.02%
FabArrayBase::getCPC()                           8   8.24e-06  8.402e-06  8.563e-06   0.02%
Amr::initSubcycle()                              1  7.451e-06  7.677e-06  7.902e-06   0.02%
postCoarseTimeStep()                             4  5.723e-06  6.579e-06  7.434e-06   0.02%
DistributionMapping::SFCProcessorMapDoIt()       1  4.665e-06  5.404e-06  6.143e-06   0.01%
Amr::InitializeInit()                            1  2.497e-06  4.306e-06  6.115e-06   0.01%
Amr::initialInit()                               1  4.452e-06   5.18e-06  5.908e-06   0.01%
post_timestep                                    4  1.738e-06  1.868e-06  1.997e-06   0.00%
DistributionMapping::Distribute()                1  1.167e-06   1.23e-06  1.293e-06   0.00%
Amr::init()                                      1   8.47e-07   9.15e-07   9.83e-07   0.00%
-------------------------------------------------------------------------------------------

-------------------------------------------------------------------------------------------
Name                                        NCalls  Incl. Min  Incl. Avg  Incl. Max   Max %
-------------------------------------------------------------------------------------------
main()                                           1    0.04573    0.04573    0.04574  99.94%
Amr::coarseTimeStep()                            4    0.04388    0.04398    0.04407  96.29%
Amr::timeStep()                                  4     0.0428    0.04306    0.04333  94.68%
CNS::advance()                                   4    0.04272    0.04298    0.04324  94.48%
FillPatchIterator::Initialize                    8    0.03583    0.03585    0.03586  78.36%
FillPatchSingleLevel                             8    0.03488    0.03492    0.03496  76.38%
StateDataPhysBCFunct::()                         8    0.02677     0.0276    0.02842  62.10%
FabArray::ParallelCopy()                         8    0.00653   0.007317   0.008104  17.71%
FabArray::ParallelCopy_finish()                  8   0.004657   0.005433   0.006209  13.57%
CNS::compute_dSdt()                              8   0.004602   0.004758   0.004913  10.74%
StateData::FillBoundary(geom)                   96   0.002922   0.002951    0.00298   6.51%
FabArray::ParallelCopy_nowait()                  8   0.001864   0.001875   0.001885   4.12%
Amr::init()                                      1   0.001233   0.001278   0.001323   2.89%
Amr::initialInit()                               1   0.001232   0.001277   0.001322   2.89%
amrex::Copy()                                    8   0.000985   0.001034   0.001083   2.37%
Amr::InitializeInit()                            1  0.0009845   0.001002    0.00102   2.23%
Amr::defBaseLevel()                              1  0.0009545  0.0009691  0.0009836   2.15%
FabArray::setDomainBndry()                       8  0.0008659  0.0008883  0.0009108   1.99%
CNS::estTimeStep()                               5  0.0004635  0.0006636  0.0008637   1.89%
FabArray::LinComb()                              8  0.0007962  0.0008283  0.0008604   1.88%
CNS::initData()                                  1  0.0004596  0.0004776  0.0004955   1.08%
FabArray::sum()                                 25  0.0004375  0.0004474  0.0004573   1.00%
AmrLevel::AmrLevel(dm)                           1  0.0003997  0.0004135  0.0004272   0.93%
postCoarseTimeStep()                             4   0.000353  0.0003651  0.0003771   0.82%
Amr::FinalizeInit()                              1   0.000243  0.0002697  0.0002963   0.65%
Amr::InitAmr()                                   1  0.0002128   0.000232  0.0002511   0.55%
CNS::computeTemp()                               8   0.000179  0.0001835   0.000188   0.41%
FabArray::Saxpy()                                4   0.000172  0.0001741  0.0001762   0.39%
FabArrayBase::getCPC()                           8  7.601e-05  7.759e-05  7.917e-05   0.17%
DistributionMapping::SFCProcessorMapDoIt()       1  1.281e-05  4.586e-05  7.891e-05   0.17%
DistributionMapping::LeastUsedCPUs()             1  5.371e-06  3.922e-05  7.307e-05   0.16%
FabArrayBase::CPC::define()                      1  6.777e-05  6.919e-05  7.061e-05   0.15%
Amr::readProbinFile()                            1  2.754e-05  2.871e-05  2.988e-05   0.07%
StateData::define()                              1  2.022e-05  2.346e-05  2.671e-05   0.06%
Amr::initSubcycle()                              1  7.451e-06  7.677e-06  7.902e-06   0.02%
post_timestep                                    4  1.738e-06  1.868e-06  1.997e-06   0.00%
DistributionMapping::Distribute()                1  1.167e-06   1.23e-06  1.293e-06   0.00%
-------------------------------------------------------------------------------------------

Unused ParmParse Variables:
  [TOP]::amr.ref_ratio(nvals = 4)  :: [2, 2, 2, 2]
  [TOP]::amr.regrid_int(nvals = 4)  :: [2, 2, 2, 2]
  [TOP]::amr.derive_plot_vars(nvals = 4)  :: [pressure, x_velocity, y_velocity, z_velocity]

Managed Memory Usage:
----------------------------------------------------------------------------------------------------------------------
Name                             Nalloc  Nfree  AvgMem min  AvgMem avg  AvgMem max  MaxMem min  MaxMem avg  MaxMem max
----------------------------------------------------------------------------------------------------------------------
The_Arena::Initialize()               2      2      28 MiB      30 MiB      32 MiB      11 GiB      11 GiB      11 GiB
CNS::compute_dSdt()                 320    320    3422 KiB    3514 KiB    3606 KiB      39 MiB      39 MiB      39 MiB
ResizeRandomSeed                      2      2      35 MiB      35 MiB      35 MiB      30 MiB      30 MiB      30 MiB
CNS::advance()                       72     72      25 MiB      25 MiB      25 MiB      26 MiB      26 MiB      26 MiB
FillPatchIterator::Initialize        64     64    8108 KiB    8158 KiB    8207 KiB       9 MiB       9 MiB       9 MiB
StateData::define()                   8      8    9830 KiB    9900 KiB    9969 KiB       9 MiB       9 MiB       9 MiB
StateDataPhysBCFunct::()            128    128     530 KiB     551 KiB     572 KiB    1071 KiB    1071 KiB    1071 KiB
CNS::estTimeStep()                   14     14    1353   B    1415   B    1478   B     160 KiB     160 KiB     160 KiB
FabArray::sum()                      50     50    1489   B    1527   B    1566   B     160 KiB     160 KiB     160 KiB
FabArray::ParallelCopy_finish()      16     16     170   B     174   B     178   B    8272   B    8272   B    8272   B
FabArray::ParallelCopy_nowait()      32     32     202   B     204   B     206   B    8272   B    8272   B    8272   B
StateData::FillBoundary(geom)       192    192    1024   B    1066   B    1109   B    2112   B    2112   B    2112   B
amrex::Copy()                        26     26     200   B     218   B     236   B    1168   B    1168   B    1168   B
FabArray::LinComb()                  10     10     249   B     272   B     296   B    1024   B    1024   B    1024   B
Amr::InitAmr()                        4      4     125   B     126   B     127   B     128   B     128   B     128   B
----------------------------------------------------------------------------------------------------------------------

Device Memory Usage:
---------------------------------------------------------------------------------------------------------------------
Name                            Nalloc  Nfree  AvgMem min  AvgMem avg  AvgMem max  MaxMem min  MaxMem avg  MaxMem max
---------------------------------------------------------------------------------------------------------------------
The_Device_Arena::Initialize()       2      2      35 KiB      36 KiB      38 KiB    8192 KiB    8192 KiB    8192 KiB
---------------------------------------------------------------------------------------------------------------------

Pinned Memory Usage:
----------------------------------------------------------------------------------------------------------------------
Name                             Nalloc  Nfree  AvgMem min  AvgMem avg  AvgMem max  MaxMem min  MaxMem avg  MaxMem max
----------------------------------------------------------------------------------------------------------------------
The_Pinned_Arena::Initialize()        2      2     639 KiB     643 KiB     647 KiB    8192 KiB    8192 KiB    8192 KiB
FabArray::ParallelCopy_nowait()      64     64     296 KiB     334 KiB     372 KiB    2150 KiB    2150 KiB    2150 KiB
FabArray::ParallelCopy_finish()      16     16     171   B     175   B     179   B    8272   B    8272   B    8272   B
StateData::FillBoundary(geom)       192    192    1024   B    1066   B    1109   B    2112   B    2112   B    2112   B
amrex::Copy()                        26     26     200   B     218   B     236   B    1168   B    1168   B    1168   B
FabArray::LinComb()                  10     10     249   B     272   B     296   B    1024   B    1024   B    1024   B
CNS::estTimeStep()                   14     14     625   B     629   B     633   B     672   B     672   B     672   B
FabArray::sum()                      50     50       0   B       0   B       0   B      16   B      16   B      16   B
----------------------------------------------------------------------------------------------------------------------

Total GPU global memory (MB) spread across MPI: [16151 ... 16151]
Free  GPU global memory (MB) spread across MPI: [15699 ... 15699]
[The         Arena] space (MB) allocated spread across MPI: [12113 ... 12113]
[The         Arena] space (MB) used      spread across MPI: [0 ... 0]
[The  Device Arena] space (MB) allocated spread across MPI: [8 ... 8]
[The  Device Arena] space (MB) used      spread across MPI: [0 ... 0]
[The  Pinned Arena] space (MB) allocated spread across MPI: [8 ... 8]
[The  Pinned Arena] space (MB) used      spread across MPI: [0 ... 0]
AMReX (2b1434edf43e-dirty) finalized
==WARNING== No kernels were profiled.
==WARNING== Profiling kernels launched by child processes requires the --target-processes all option.
