MPI initialized with 1 MPI processes
MPI initialized with thread support level 0
Initializing CUDA...
==PROF== Connected to process 2679950 (/home/ziangli/amrex/CNS/Exec/Sod/CNS3d.gnu.TPROF.MPI.CUDA.ex)
CUDA initialized with 1 device.
AMReX (2b1434edf43e-dirty) initialized
Successfully read inputs file ... 
Successfully read inputs file ... 
Starting to call amrex_probinit ... 
Successfully run amrex_probinit
INITIAL GRIDS 
  Level 0   8 grids  262144 cells  100 % of domain
            smallest grid: 32 x 32 x 32  biggest grid: 32 x 32 x 32


[CNS] Total mass       is 147456
      Total x-momentum is 0
      Total y-momentum is 0
      Total z-momentum is 0
      Total energy     is 360448.00000000006
[Level 0 step 1] ADVANCE with dt = 0.003961660569
[Level 0 step 1] Advanced 262144 cells

STEP = 1 TIME = 0.003961660569 DT = 0.003961660569


[CNS] Total mass       is 147456.00000000003
      Total x-momentum is 934.6729933893613
      Total y-momentum is 0
      Total z-momentum is 0
      Total energy     is 360448.00000000017

[STEP 1] Coarse TimeStep time: 0.163702996
[STEP 1] FAB kilobyte spread across MPI nodes: [122840 ... 122840]

[Level 0 step 2] ADVANCE with dt = 0.00270323629
[Level 0 step 2] Advanced 262144 cells

STEP = 2 TIME = 0.006664896859 DT = 0.00270323629


[CNS] Total mass       is 147456
      Total x-momentum is 1572.4464499343446
      Total y-momentum is 0
      Total z-momentum is 0
      Total energy     is 360448

[STEP 2] Coarse TimeStep time: 0.166793822
[STEP 2] FAB kilobyte spread across MPI nodes: [122840 ... 122840]

[Level 0 step 3] ADVANCE with dt = 0.00246461758
[Level 0 step 3] Advanced 262144 cells

STEP = 3 TIME = 0.009129514439 DT = 0.00246461758


[CNS] Total mass       is 147455.99999999997
      Total x-momentum is 2153.9226896809505
      Total y-momentum is 0
      Total z-momentum is 0
      Total energy     is 360448.00000000017

[STEP 3] Coarse TimeStep time: 0.165847606
[STEP 3] FAB kilobyte spread across MPI nodes: [122840 ... 122840]

[Level 0 step 4] ADVANCE with dt = 0.002365837545
[Level 0 step 4] Advanced 262144 cells

STEP = 4 TIME = 0.01149535198 DT = 0.002365837545


[CNS] Total mass       is 147455.99999999991
      Total x-momentum is 2712.0937952674672
      Total y-momentum is 0
      Total z-momentum is 0
      Total energy     is 360448

[STEP 4] Coarse TimeStep time: 0.171298862
[STEP 4] FAB kilobyte spread across MPI nodes: [122840 ... 122840]

Run Time total        = 0.679796172
Run Time init         = 0.012029866
Run Time advance      = 0.667730741


TinyProfiler total time across processes [min...avg...max]: 0.6799 ... 0.6799 ... 0.6799

-------------------------------------------------------------------------------------------
Name                                        NCalls  Excl. Min  Excl. Avg  Excl. Max   Max %
-------------------------------------------------------------------------------------------
CNS::compute_dSdt()                              8     0.2657     0.2657     0.2657  39.08%
StateDataPhysBCFunct::()                         8     0.1818     0.1818     0.1818  26.75%
StateData::FillBoundary(geom)                  192     0.1089     0.1089     0.1089  16.01%
FabArray::setDomainBndry()                       8    0.03301    0.03301    0.03301   4.85%
CNS::computeTemp()                               8     0.0324     0.0324     0.0324   4.77%
FabArray::sum()                                 25    0.02635    0.02635    0.02635   3.88%
CNS::estTimeStep()                               5    0.00589    0.00589    0.00589   0.87%
amrex::Copy()                                    8   0.005859   0.005859   0.005859   0.86%
FabArray::LinComb()                              8   0.005546   0.005546   0.005546   0.82%
FabArray::ParallelCopy_nowait()                  8   0.005156   0.005156   0.005156   0.76%
CNS::initData()                                  1   0.004295   0.004295   0.004295   0.63%
FabArray::Saxpy()                                4   0.002394   0.002394   0.002394   0.35%
CNS::advance()                                   4  0.0006834  0.0006834  0.0006834   0.10%
AmrLevel::AmrLevel(dm)                           1  0.0002758  0.0002758  0.0002758   0.04%
main()                                           1  0.0002235  0.0002235  0.0002235   0.03%
Amr::InitAmr()                                   1  0.0002098  0.0002098  0.0002098   0.03%
FillPatchIterator::Initialize                    8  0.0001932  0.0001932  0.0001932   0.03%
FabArrayBase::CPC::define()                      1   0.000129   0.000129   0.000129   0.02%
Amr::timeStep()                                  4  0.0001161  0.0001161  0.0001161   0.02%
Amr::coarseTimeStep()                            4  0.0001086  0.0001086  0.0001086   0.02%
FabArray::ParallelCopy()                         8  7.107e-05  7.107e-05  7.107e-05   0.01%
postCoarseTimeStep()                             4  7.028e-05  7.028e-05  7.028e-05   0.01%
FillPatchSingleLevel                             8  6.557e-05  6.557e-05  6.557e-05   0.01%
Amr::FinalizeInit()                              1  6.006e-05  6.006e-05  6.006e-05   0.01%
Amr::readProbinFile()                            1  5.692e-05  5.692e-05  5.692e-05   0.01%
Amr::defBaseLevel()                              1  5.296e-05  5.296e-05  5.296e-05   0.01%
FabArray::ParallelCopy_finish()                  8  5.239e-05  5.239e-05  5.239e-05   0.01%
FabArrayBase::getCPC()                           8  4.806e-05  4.806e-05  4.806e-05   0.01%
StateData::define()                              1  2.824e-05  2.824e-05  2.824e-05   0.00%
Amr::initSubcycle()                              1  2.302e-05  2.302e-05  2.302e-05   0.00%
DistributionMapping::SFCProcessorMapDoIt()       1   1.85e-05   1.85e-05   1.85e-05   0.00%
post_timestep                                    4   1.48e-05   1.48e-05   1.48e-05   0.00%
Amr::InitializeInit()                            1  1.221e-05  1.221e-05  1.221e-05   0.00%
Amr::initialInit()                               1  7.798e-06  7.798e-06  7.798e-06   0.00%
Amr::init()                                      1  5.318e-06  5.318e-06  5.318e-06   0.00%
DistributionMapping::LeastUsedCPUs()             1  4.432e-06  4.432e-06  4.432e-06   0.00%
DistributionMapping::Distribute()                1  3.745e-06  3.745e-06  3.745e-06   0.00%
-------------------------------------------------------------------------------------------

-------------------------------------------------------------------------------------------
Name                                        NCalls  Incl. Min  Incl. Avg  Incl. Max   Max %
-------------------------------------------------------------------------------------------
main()                                           1     0.6798     0.6798     0.6798  99.99%
Amr::coarseTimeStep()                            4     0.6677     0.6677     0.6677  98.21%
Amr::timeStep()                                  4     0.6421     0.6421     0.6421  94.45%
CNS::advance()                                   4      0.642      0.642      0.642  94.43%
FillPatchIterator::Initialize                    8     0.3294     0.3294     0.3294  48.45%
FillPatchSingleLevel                             8     0.2962     0.2962     0.2962  43.57%
StateDataPhysBCFunct::()                         8     0.2907     0.2907     0.2907  42.76%
CNS::compute_dSdt()                              8     0.2657     0.2657     0.2657  39.08%
StateData::FillBoundary(geom)                  192     0.1089     0.1089     0.1089  16.01%
FabArray::setDomainBndry()                       8    0.03301    0.03301    0.03301   4.85%
CNS::computeTemp()                               8     0.0324     0.0324     0.0324   4.77%
FabArray::sum()                                 25    0.02635    0.02635    0.02635   3.88%
postCoarseTimeStep()                             4    0.02102    0.02102    0.02102   3.09%
Amr::init()                                      1    0.01166    0.01166    0.01166   1.72%
Amr::initialInit()                               1    0.01166    0.01166    0.01166   1.71%
Amr::FinalizeInit()                              1   0.006903   0.006903   0.006903   1.02%
CNS::estTimeStep()                               5    0.00589    0.00589    0.00589   0.87%
amrex::Copy()                                    8   0.005859   0.005859   0.005859   0.86%
FabArray::LinComb()                              8   0.005546   0.005546   0.005546   0.82%
FabArray::ParallelCopy()                         8   0.005456   0.005456   0.005456   0.80%
FabArray::ParallelCopy_nowait()                  8   0.005333   0.005333   0.005333   0.78%
Amr::InitializeInit()                            1   0.004748   0.004748   0.004748   0.70%
Amr::defBaseLevel()                              1   0.004679   0.004679   0.004679   0.69%
CNS::initData()                                  1   0.004295   0.004295   0.004295   0.63%
FabArray::Saxpy()                                4   0.002394   0.002394   0.002394   0.35%
AmrLevel::AmrLevel(dm)                           1   0.000304   0.000304   0.000304   0.04%
Amr::InitAmr()                                   1  0.0002328  0.0002328  0.0002328   0.03%
FabArrayBase::getCPC()                           8  0.0001771  0.0001771  0.0001771   0.03%
FabArrayBase::CPC::define()                      1   0.000129   0.000129   0.000129   0.02%
Amr::readProbinFile()                            1  5.692e-05  5.692e-05  5.692e-05   0.01%
FabArray::ParallelCopy_finish()                  8  5.239e-05  5.239e-05  5.239e-05   0.01%
StateData::define()                              1  2.824e-05  2.824e-05  2.824e-05   0.00%
DistributionMapping::SFCProcessorMapDoIt()       1  2.668e-05  2.668e-05  2.668e-05   0.00%
Amr::initSubcycle()                              1  2.302e-05  2.302e-05  2.302e-05   0.00%
post_timestep                                    4   1.48e-05   1.48e-05   1.48e-05   0.00%
DistributionMapping::LeastUsedCPUs()             1  4.432e-06  4.432e-06  4.432e-06   0.00%
DistributionMapping::Distribute()                1  3.745e-06  3.745e-06  3.745e-06   0.00%
-------------------------------------------------------------------------------------------

Unused ParmParse Variables:
  [TOP]::amr.ref_ratio(nvals = 4)  :: [2, 2, 2, 2]
  [TOP]::amr.regrid_int(nvals = 4)  :: [2, 2, 2, 2]
  [TOP]::amr.derive_plot_vars(nvals = 4)  :: [pressure, x_velocity, y_velocity, z_velocity]

Managed Memory Usage:
------------------------------------------------------------------
Name                             Nalloc  Nfree    AvgMem    MaxMem
------------------------------------------------------------------
The_Arena::Initialize()               1      1  5101 KiB    11 GiB
CNS::advance()                       72     72    51 MiB    53 MiB
CNS::compute_dSdt()                 320    320    18 MiB    47 MiB
ResizeRandomSeed                      1      1    30 MiB    30 MiB
FillPatchIterator::Initialize        64     64     9 MiB    19 MiB
StateData::define()                   8      8    19 MiB    19 MiB
StateDataPhysBCFunct::()            128    128    53 KiB   401 KiB
CNS::estTimeStep()                    7      7  2664   B   161 KiB
FabArray::sum()                      25     25  6317   B   160 KiB
FabArray::ParallelCopy_nowait()       8      8   183   B    24 KiB
amrex::Copy()                        13     13   975   B  2320   B
FabArray::LinComb()                   5      5  1400   B  2048   B
StateData::FillBoundary(geom)       192    192    34   B   528   B
Amr::InitAmr()                        2      2   127   B   128   B
------------------------------------------------------------------

Device Memory Usage:
-----------------------------------------------------------------
Name                            Nalloc  Nfree    AvgMem    MaxMem
-----------------------------------------------------------------
The_Device_Arena::Initialize()       1      1  3331   B  8192 KiB
-----------------------------------------------------------------

Pinned Memory Usage:
------------------------------------------------------------------
Name                             Nalloc  Nfree    AvgMem    MaxMem
------------------------------------------------------------------
The_Pinned_Arena::Initialize()        1      1    59 KiB  8192 KiB
FabArray::ParallelCopy_nowait()       8      8   182   B    24 KiB
amrex::Copy()                        13     13   975   B  2320   B
FabArray::LinComb()                   5      5  1400   B  2048   B
CNS::estTimeStep()                    7      7  1285   B  1312   B
StateData::FillBoundary(geom)       192    192    34   B   528   B
FabArray::sum()                      25     25     0   B    16   B
------------------------------------------------------------------

Total GPU global memory (MB) spread across MPI: [16151 ... 16151]
Free  GPU global memory (MB) spread across MPI: [15483 ... 15483]
[The         Arena] space (MB) allocated spread across MPI: [12113 ... 12113]
[The         Arena] space (MB) used      spread across MPI: [0 ... 0]
[The  Device Arena] space (MB) allocated spread across MPI: [8 ... 8]
[The  Device Arena] space (MB) used      spread across MPI: [0 ... 0]
[The  Pinned Arena] space (MB) allocated spread across MPI: [8 ... 8]
[The  Pinned Arena] space (MB) used      spread across MPI: [0 ... 0]
AMReX (2b1434edf43e-dirty) finalized
==PROF== Disconnected from process 2679950
==WARNING== No kernels were profiled.
==WARNING== Profiling kernels launched by child processes requires the --target-processes all option.
==WARNING== Refer https://docs.nvidia.com/nsight-compute/NsightComputeCli/index.html#nvtx-filtering for NVTX Filtering usage.
