MPI initialized with 2 MPI processes
MPI initialized with thread support level 0
Initializing CUDA...
Multiple GPUs are visible to each MPI rank, but the number of GPUs per socket or node has not been provided.
This may lead to incorrect or suboptimal rank-to-GPU mapping.!
Multiple GPUs are visible to each MPI rank, but the number of GPUs per socket or node has not been provided.
This may lead to incorrect or suboptimal rank-to-GPU mapping.!
CUDA initialized with 2 devices.
AMReX (2b1434edf43e-dirty) initialized
Successfully read inputs file ... 
Successfully read inputs file ... 
Starting to call amrex_probinit ... 
Successfully run amrex_probinit
INITIAL GRIDS 
  Level 0   8 grids  262144 cells  100 % of domain
            smallest grid: 32 x 32 x 32  biggest grid: 32 x 32 x 32


[CNS] Total mass       is 147456
      Total x-momentum is 0
      Total y-momentum is 0
      Total z-momentum is 0
      Total energy     is 360448.00000000006
[Level 0 step 1] ADVANCE with dt = 0.003961660569
[Level 0 step 1] Advanced 262144 cells

STEP = 1 TIME = 0.003961660569 DT = 0.003961660569


[CNS] Total mass       is 147456.00000000003
      Total x-momentum is 934.6729933893613
      Total y-momentum is 0
      Total z-momentum is 0
      Total energy     is 360448.00000000017

[STEP 1] Coarse TimeStep time: 0.028057179
[STEP 1] FAB kilobyte spread across MPI nodes: [62878 ... 62878]

[Level 0 step 2] ADVANCE with dt = 0.00270323629
[Level 0 step 2] Advanced 262144 cells

STEP = 2 TIME = 0.006664896859 DT = 0.00270323629


[CNS] Total mass       is 147456
      Total x-momentum is 1572.4464499343446
      Total y-momentum is 0
      Total z-momentum is 0
      Total energy     is 360448

[STEP 2] Coarse TimeStep time: 0.003627867
[STEP 2] FAB kilobyte spread across MPI nodes: [62878 ... 62878]

[Level 0 step 3] ADVANCE with dt = 0.00246461758
[Level 0 step 3] Advanced 262144 cells

STEP = 3 TIME = 0.009129514439 DT = 0.00246461758


[CNS] Total mass       is 147455.99999999997
      Total x-momentum is 2153.9226896809505
      Total y-momentum is 0
      Total z-momentum is 0
      Total energy     is 360448.00000000017

[STEP 3] Coarse TimeStep time: 0.0035978
[STEP 3] FAB kilobyte spread across MPI nodes: [62878 ... 62878]

[Level 0 step 4] ADVANCE with dt = 0.002365837545
[Level 0 step 4] Advanced 262144 cells

STEP = 4 TIME = 0.01149535198 DT = 0.002365837545


[CNS] Total mass       is 147455.99999999991
      Total x-momentum is 2712.0937952674672
      Total y-momentum is 0
      Total z-momentum is 0
      Total energy     is 360448

[STEP 4] Coarse TimeStep time: 0.003592384
[STEP 4] FAB kilobyte spread across MPI nodes: [62878 ... 62878]

Run Time total        = 0.040472613
Run Time init         = 0.001567786
Run Time advance      = 0.038883995


TinyProfiler total time across processes [min...avg...max]: 0.04051 ... 0.04053 ... 0.04054

-------------------------------------------------------------------------------------------
Name                                        NCalls  Excl. Min  Excl. Avg  Excl. Max   Max %
-------------------------------------------------------------------------------------------
StateDataPhysBCFunct::()                         8    0.02062    0.02069    0.02075  51.17%
CNS::compute_dSdt()                              8   0.004627   0.004639   0.004652  11.47%
FabArray::ParallelCopy_finish()                  8    0.00451   0.004516   0.004522  11.15%
StateData::FillBoundary(geom)                   96   0.002775   0.002921   0.003067   7.56%
FabArray::ParallelCopy_nowait()                  8   0.001786   0.001808   0.001831   4.52%
amrex::Copy()                                    8   0.001005   0.001031   0.001058   2.61%
FabArray::setDomainBndry()                       8  0.0008286  0.0008348   0.000841   2.07%
FabArray::LinComb()                              8  0.0007932   0.000815  0.0008368   2.06%
CNS::estTimeStep()                               5  0.0005137  0.0005562  0.0005987   1.48%
FabArray::sum()                                 25  0.0004389   0.000467  0.0004951   1.22%
CNS::initData()                                  1  0.0004672  0.0004743  0.0004814   1.19%
AmrLevel::AmrLevel(dm)                           1  0.0003542  0.0003718  0.0003894   0.96%
main()                                           1  0.0001303  0.0002175  0.0003048   0.75%
Amr::InitAmr()                                   1  0.0002068  0.0002081  0.0002094   0.52%
CNS::computeTemp()                               8  0.0001815   0.000184  0.0001865   0.46%
FabArray::Saxpy()                                4  0.0001719  0.0001731  0.0001743   0.43%
CNS::advance()                                   4  0.0001365  0.0001449  0.0001533   0.38%
Amr::timeStep()                                  4  3.491e-05  7.772e-05  0.0001205   0.30%
Amr::defBaseLevel()                              1  2.236e-05  4.795e-05  7.354e-05   0.18%
DistributionMapping::LeastUsedCPUs()             1  4.523e-06  3.749e-05  7.045e-05   0.17%
FabArrayBase::CPC::define()                      1  6.944e-05  6.978e-05  7.013e-05   0.17%
Amr::coarseTimeStep()                            4  3.819e-05  5.306e-05  6.792e-05   0.17%
FillPatchIterator::Initialize                    8  3.508e-05  4.282e-05  5.055e-05   0.12%
Amr::readProbinFile()                            1  2.678e-05  3.517e-05  4.356e-05   0.11%
Amr::FinalizeInit()                              1  7.401e-06  1.729e-05  2.718e-05   0.07%
StateData::define()                              1  2.256e-05  2.349e-05  2.442e-05   0.06%
FabArray::ParallelCopy()                         8  9.162e-06  9.675e-06  1.019e-05   0.03%
FabArrayBase::getCPC()                           8  7.234e-06  8.522e-06   9.81e-06   0.02%
FillPatchSingleLevel                             8   8.12e-06  8.532e-06  8.944e-06   0.02%
Amr::initSubcycle()                              1  7.523e-06  7.626e-06  7.728e-06   0.02%
postCoarseTimeStep()                             4  5.952e-06  6.241e-06  6.531e-06   0.02%
Amr::InitializeInit()                            1  2.419e-06  4.369e-06  6.319e-06   0.02%
DistributionMapping::SFCProcessorMapDoIt()       1  5.241e-06  5.554e-06  5.866e-06   0.01%
Amr::initialInit()                               1  4.759e-06  5.147e-06  5.535e-06   0.01%
post_timestep                                    4   1.72e-06  1.751e-06  1.781e-06   0.00%
DistributionMapping::Distribute()                1   1.24e-06  1.333e-06  1.427e-06   0.00%
Amr::init()                                      1   8.72e-07  1.048e-06  1.224e-06   0.00%
-------------------------------------------------------------------------------------------

-------------------------------------------------------------------------------------------
Name                                        NCalls  Incl. Min  Incl. Avg  Incl. Max   Max %
-------------------------------------------------------------------------------------------
main()                                           1    0.04049    0.04051    0.04053  99.97%
Amr::coarseTimeStep()                            4    0.03876    0.03882    0.03888  95.90%
Amr::timeStep()                                  4    0.03783    0.03797    0.03811  94.01%
CNS::advance()                                   4    0.03771    0.03789    0.03808  93.92%
FillPatchIterator::Initialize                    8    0.03068     0.0309    0.03113  76.78%
FillPatchSingleLevel                             8     0.0298    0.03003    0.03025  74.61%
StateDataPhysBCFunct::()                         8     0.0234    0.02361    0.02381  58.73%
FabArray::ParallelCopy()                         8   0.006395   0.006412    0.00643  15.86%
CNS::compute_dSdt()                              8   0.004627   0.004639   0.004652  11.47%
FabArray::ParallelCopy_finish()                  8    0.00451   0.004516   0.004522  11.15%
StateData::FillBoundary(geom)                   96   0.002775   0.002921   0.003067   7.56%
FabArray::ParallelCopy_nowait()                  8   0.001864   0.001887    0.00191   4.71%
Amr::init()                                      1   0.001248   0.001257   0.001266   3.12%
Amr::initialInit()                               1   0.001247   0.001256   0.001266   3.12%
amrex::Copy()                                    8   0.001005   0.001031   0.001058   2.61%
Amr::InitializeInit()                            1  0.0009789   0.001001   0.001024   2.53%
Amr::defBaseLevel()                              1  0.0009291  0.0009619  0.0009947   2.45%
FabArray::setDomainBndry()                       8  0.0008286  0.0008348   0.000841   2.07%
FabArray::LinComb()                              8  0.0007932   0.000815  0.0008368   2.06%
CNS::estTimeStep()                               5  0.0005137  0.0005562  0.0005987   1.48%
FabArray::sum()                                 25  0.0004389   0.000467  0.0004951   1.22%
CNS::initData()                                  1  0.0004672  0.0004743  0.0004814   1.19%
AmrLevel::AmrLevel(dm)                           1  0.0003767  0.0003952  0.0004138   1.02%
postCoarseTimeStep()                             4  0.0003574  0.0003847  0.0004121   1.02%
Amr::FinalizeInit()                              1  0.0002369  0.0002497  0.0002626   0.65%
Amr::InitAmr()                                   1  0.0002145  0.0002157   0.000217   0.54%
CNS::computeTemp()                               8  0.0001815   0.000184  0.0001865   0.46%
FabArray::Saxpy()                                4  0.0001719  0.0001731  0.0001743   0.43%
FabArrayBase::getCPC()                           8  7.736e-05   7.83e-05  7.925e-05   0.20%
DistributionMapping::SFCProcessorMapDoIt()       1  1.163e-05  4.437e-05  7.712e-05   0.19%
DistributionMapping::LeastUsedCPUs()             1  4.523e-06  3.749e-05  7.045e-05   0.17%
FabArrayBase::CPC::define()                      1  6.944e-05  6.978e-05  7.013e-05   0.17%
Amr::readProbinFile()                            1  2.678e-05  3.517e-05  4.356e-05   0.11%
StateData::define()                              1  2.256e-05  2.349e-05  2.442e-05   0.06%
Amr::initSubcycle()                              1  7.523e-06  7.626e-06  7.728e-06   0.02%
post_timestep                                    4   1.72e-06  1.751e-06  1.781e-06   0.00%
DistributionMapping::Distribute()                1   1.24e-06  1.333e-06  1.427e-06   0.00%
-------------------------------------------------------------------------------------------

Unused ParmParse Variables:
  [TOP]::amr.ref_ratio(nvals = 4)  :: [2, 2, 2, 2]
  [TOP]::amr.regrid_int(nvals = 4)  :: [2, 2, 2, 2]
  [TOP]::amr.derive_plot_vars(nvals = 4)  :: [pressure, x_velocity, y_velocity, z_velocity]

Managed Memory Usage:
----------------------------------------------------------------------------------------------------------------------
Name                             Nalloc  Nfree  AvgMem min  AvgMem avg  AvgMem max  MaxMem min  MaxMem avg  MaxMem max
----------------------------------------------------------------------------------------------------------------------
The_Arena::Initialize()               2      2      36 MiB      36 MiB      36 MiB      11 GiB      11 GiB      11 GiB
CNS::compute_dSdt()                 320    320    3821 KiB    3873 KiB    3925 KiB      39 MiB      39 MiB      39 MiB
ResizeRandomSeed                      2      2      35 MiB      35 MiB      35 MiB      30 MiB      30 MiB      30 MiB
CNS::advance()                       72     72      24 MiB      24 MiB      25 MiB      26 MiB      26 MiB      26 MiB
FillPatchIterator::Initialize        64     64    7774 KiB    7914 KiB    8054 KiB       9 MiB       9 MiB       9 MiB
StateData::define()                   8      8    9684 KiB    9809 KiB    9934 KiB       9 MiB       9 MiB       9 MiB
StateDataPhysBCFunct::()            128    128     505 KiB     512 KiB     518 KiB    1071 KiB    1071 KiB    1071 KiB
CNS::estTimeStep()                   14     14    1472   B    1510   B    1548   B     160 KiB     160 KiB     160 KiB
FabArray::sum()                      50     50    1700   B    1792   B    1885   B     160 KiB     160 KiB     160 KiB
FabArray::ParallelCopy_finish()      16     16     189   B     194   B     199   B    8272   B    8272   B    8272   B
FabArray::ParallelCopy_nowait()      32     32     225   B     229   B     233   B    8272   B    8272   B    8272   B
StateData::FillBoundary(geom)       192    192     973   B     986   B     999   B    2112   B    2112   B    2112   B
amrex::Copy()                        26     26     225   B     228   B     231   B    1168   B    1168   B    1168   B
FabArray::LinComb()                  10     10     276   B     281   B     286   B    1024   B    1024   B    1024   B
Amr::InitAmr()                        4      4     123   B     124   B     126   B     128   B     128   B     128   B
----------------------------------------------------------------------------------------------------------------------

Device Memory Usage:
---------------------------------------------------------------------------------------------------------------------
Name                            Nalloc  Nfree  AvgMem min  AvgMem avg  AvgMem max  MaxMem min  MaxMem avg  MaxMem max
---------------------------------------------------------------------------------------------------------------------
The_Device_Arena::Initialize()       2      2      44 KiB      44 KiB      45 KiB    8192 KiB    8192 KiB    8192 KiB
---------------------------------------------------------------------------------------------------------------------

Pinned Memory Usage:
----------------------------------------------------------------------------------------------------------------------
Name                             Nalloc  Nfree  AvgMem min  AvgMem avg  AvgMem max  MaxMem min  MaxMem avg  MaxMem max
----------------------------------------------------------------------------------------------------------------------
The_Pinned_Arena::Initialize()        2      2     722 KiB     726 KiB     730 KiB    8192 KiB    8192 KiB    8192 KiB
FabArray::ParallelCopy_nowait()      64     64     322 KiB     327 KiB     331 KiB    2150 KiB    2150 KiB    2150 KiB
FabArray::ParallelCopy_finish()      16     16     190   B     195   B     200   B    8272   B    8272   B    8272   B
StateData::FillBoundary(geom)       192    192     974   B     986   B     999   B    2112   B    2112   B    2112   B
amrex::Copy()                        26     26     225   B     228   B     231   B    1168   B    1168   B    1168   B
FabArray::LinComb()                  10     10     276   B     281   B     286   B    1024   B    1024   B    1024   B
CNS::estTimeStep()                   14     14     614   B     622   B     630   B     672   B     672   B     672   B
FabArray::sum()                      50     50       0   B       0   B       0   B      16   B      16   B      16   B
----------------------------------------------------------------------------------------------------------------------

Total GPU global memory (MB) spread across MPI: [16151 ... 16151]
Free  GPU global memory (MB) spread across MPI: [15699 ... 15699]
[The         Arena] space (MB) allocated spread across MPI: [12113 ... 12113]
[The         Arena] space (MB) used      spread across MPI: [0 ... 0]
[The  Device Arena] space (MB) allocated spread across MPI: [8 ... 8]
[The  Device Arena] space (MB) used      spread across MPI: [0 ... 0]
[The  Pinned Arena] space (MB) allocated spread across MPI: [8 ... 8]
[The  Pinned Arena] space (MB) used      spread across MPI: [0 ... 0]
AMReX (2b1434edf43e-dirty) finalized
==WARNING== No kernels were profiled.
==WARNING== Profiling kernels launched by child processes requires the --target-processes all option.
