MPI initialized with 2 MPI processes
MPI initialized with thread support level 0
Initializing CUDA...
Multiple GPUs are visible to each MPI rank, but the number of GPUs per socket or node has not been provided.
This may lead to incorrect or suboptimal rank-to-GPU mapping.!
Multiple GPUs are visible to each MPI rank, but the number of GPUs per socket or node has not been provided.
This may lead to incorrect or suboptimal rank-to-GPU mapping.!
CUDA initialized with 2 devices.
AMReX (540949cafbe9-dirty) initialized
Successfully read inputs file ... 
Successfully read inputs file ... 
Starting to call amrex_probinit ... 
Successfully run amrex_probinit
INITIAL GRIDS 
  Level 0   8 grids  262144 cells  100 % of domain
            smallest grid: 32 x 32 x 32  biggest grid: 32 x 32 x 32


[CNS] Total mass       is 147456
      Total x-momentum is 0
      Total y-momentum is 0
      Total z-momentum is 0
      Total energy     is 360448.00000000006
[Level 0 step 1] ADVANCE with dt = 0.003961660569
[Level 0 step 1] Advanced 262144 cells

STEP = 1 TIME = 0.003961660569 DT = 0.003961660569


[CNS] Total mass       is 147456.00000000003
      Total x-momentum is 934.6729933893613
      Total y-momentum is 0
      Total z-momentum is 0
      Total energy     is 360448.00000000017

[STEP 1] Coarse TimeStep time: 0.045938886
[STEP 1] FAB kilobyte spread across MPI nodes: [62878 ... 62878]

[Level 0 step 2] ADVANCE with dt = 0.00270323629
[Level 0 step 2] Advanced 262144 cells

STEP = 2 TIME = 0.006664896859 DT = 0.00270323629


[CNS] Total mass       is 147456
      Total x-momentum is 1572.4464499343446
      Total y-momentum is 0
      Total z-momentum is 0
      Total energy     is 360448

[STEP 2] Coarse TimeStep time: 0.003759866
[STEP 2] FAB kilobyte spread across MPI nodes: [62878 ... 62878]

[Level 0 step 3] ADVANCE with dt = 0.00246461758
[Level 0 step 3] Advanced 262144 cells

STEP = 3 TIME = 0.009129514439 DT = 0.00246461758


[CNS] Total mass       is 147455.99999999997
      Total x-momentum is 2153.9226896809505
      Total y-momentum is 0
      Total z-momentum is 0
      Total energy     is 360448.00000000017

[STEP 3] Coarse TimeStep time: 0.003658403
[STEP 3] FAB kilobyte spread across MPI nodes: [62878 ... 62878]

[Level 0 step 4] ADVANCE with dt = 0.002365837545
[Level 0 step 4] Advanced 262144 cells

STEP = 4 TIME = 0.01149535198 DT = 0.002365837545


[CNS] Total mass       is 147455.99999999991
      Total x-momentum is 2712.0937952674672
      Total y-momentum is 0
      Total z-momentum is 0
      Total energy     is 360448

[STEP 4] Coarse TimeStep time: 0.003539852
[STEP 4] FAB kilobyte spread across MPI nodes: [62878 ... 62878]

Run Time total        = 0.058369743
Run Time init         = 0.001583822
Run Time advance      = 0.056766778


TinyProfiler total time across processes [min...avg...max]: 0.05842 ... 0.05845 ... 0.05848

-------------------------------------------------------------------------------------------
Name                                        NCalls  Excl. Min  Excl. Avg  Excl. Max   Max %
-------------------------------------------------------------------------------------------
StateDataPhysBCFunct::()                         8    0.02369    0.02374    0.02378  40.66%
FabArray::ParallelCopy_nowait()                  8    0.01577    0.01577    0.01578  26.98%
CNS::compute_dSdt()                              8   0.004644   0.004816   0.004987   8.53%
FabArray::ParallelCopy_finish()                  8   0.004602   0.004646   0.004691   8.02%
StateData::FillBoundary(geom)                   96     0.0032   0.003271   0.003342   5.72%
amrex::Copy()                                    8   0.001092   0.001097   0.001102   1.88%
FabArray::setDomainBndry()                       8  0.0008208   0.000868  0.0009152   1.56%
FabArray::LinComb()                              8  0.0008626  0.0008847  0.0009069   1.55%
CNS::estTimeStep()                               5   0.000591    0.00067   0.000749   1.28%
CNS::initData()                                  1   0.000467  0.0005095   0.000552   0.94%
FabArray::sum()                                 25  0.0004296  0.0004649  0.0005003   0.86%
AmrLevel::AmrLevel(dm)                           1   0.000285   0.000299  0.0003129   0.54%
main()                                           1  0.0001399  0.0002031  0.0002664   0.46%
Amr::InitAmr()                                   1  0.0002138  0.0002142  0.0002147   0.37%
CNS::computeTemp()                               8  0.0001884  0.0001892    0.00019   0.32%
FabArray::Saxpy()                                4  0.0001723  0.0001733  0.0001742   0.30%
CNS::advance()                                   4  0.0001314  0.0001438  0.0001563   0.27%
Amr::timeStep()                                  4   3.88e-05  8.675e-05  0.0001347   0.23%
FabArrayBase::CPC::define()                      1  7.118e-05  7.132e-05  7.147e-05   0.12%
Amr::defBaseLevel()                              1  2.116e-05  4.466e-05  6.816e-05   0.12%
DistributionMapping::LeastUsedCPUs()             1  5.184e-06  3.535e-05  6.551e-05   0.11%
Amr::coarseTimeStep()                            4  4.478e-05  4.866e-05  5.254e-05   0.09%
Amr::FinalizeInit()                              1  9.787e-06  3.007e-05  5.036e-05   0.09%
Amr::readProbinFile()                            1  2.575e-05  3.651e-05  4.727e-05   0.08%
FillPatchIterator::Initialize                    8  3.672e-05  3.837e-05  4.001e-05   0.07%
StateData::define()                              1  2.158e-05  2.244e-05  2.331e-05   0.04%
FabArray::ParallelCopy()                         8  8.439e-06  8.868e-06  9.298e-06   0.02%
FabArrayBase::getCPC()                           8  6.968e-06   7.76e-06  8.552e-06   0.01%
FillPatchSingleLevel                             8  7.276e-06  7.846e-06  8.416e-06   0.01%
Amr::initSubcycle()                              1  7.916e-06   8.03e-06  8.143e-06   0.01%
DistributionMapping::SFCProcessorMapDoIt()       1   5.08e-06  5.931e-06  6.781e-06   0.01%
Amr::initialInit()                               1  4.952e-06  5.788e-06  6.624e-06   0.01%
Amr::InitializeInit()                            1  2.632e-06  4.349e-06  6.066e-06   0.01%
postCoarseTimeStep()                             4  5.279e-06  5.574e-06   5.87e-06   0.01%
DistributionMapping::Distribute()                1  1.239e-06  1.691e-06  2.144e-06   0.00%
post_timestep                                    4  1.353e-06  1.437e-06  1.521e-06   0.00%
Amr::init()                                      1  1.026e-06  1.203e-06  1.379e-06   0.00%
-------------------------------------------------------------------------------------------

-------------------------------------------------------------------------------------------
Name                                        NCalls  Incl. Min  Incl. Avg  Incl. Max   Max %
-------------------------------------------------------------------------------------------
main()                                           1     0.0584    0.05843    0.05846  99.98%
Amr::coarseTimeStep()                            4    0.05668    0.05672    0.05676  97.07%
Amr::timeStep()                                  4     0.0557    0.05582    0.05594  95.66%
CNS::advance()                                   4    0.05557    0.05573     0.0559  95.59%
FillPatchIterator::Initialize                    8    0.04841    0.04843    0.04845  82.86%
FillPatchSingleLevel                             8     0.0475    0.04752    0.04755  81.31%
StateDataPhysBCFunct::()                         8    0.02698    0.02701    0.02704  46.23%
FabArray::ParallelCopy()                         8    0.02046    0.02051    0.02056  35.16%
FabArray::ParallelCopy_nowait()                  8    0.01584    0.01585    0.01586  27.12%
CNS::compute_dSdt()                              8   0.004644   0.004816   0.004987   8.53%
FabArray::ParallelCopy_finish()                  8   0.004602   0.004646   0.004691   8.02%
StateData::FillBoundary(geom)                   96     0.0032   0.003271   0.003342   5.72%
Amr::init()                                      1   0.001274   0.001283   0.001293   2.21%
Amr::initialInit()                               1   0.001272   0.001282   0.001292   2.21%
amrex::Copy()                                    8   0.001092   0.001097   0.001102   1.88%
Amr::InitializeInit()                            1  0.0009067  0.0009594   0.001012   1.73%
Amr::defBaseLevel()                              1  0.0008533  0.0009186  0.0009838   1.68%
FabArray::setDomainBndry()                       8  0.0008208   0.000868  0.0009152   1.56%
FabArray::LinComb()                              8  0.0008626  0.0008847  0.0009069   1.55%
CNS::estTimeStep()                               5   0.000591    0.00067   0.000749   1.28%
CNS::initData()                                  1   0.000467  0.0005095   0.000552   0.94%
FabArray::sum()                                 25  0.0004296  0.0004649  0.0005003   0.86%
postCoarseTimeStep()                             4  0.0003508  0.0003869   0.000423   0.72%
Amr::FinalizeInit()                              1   0.000255   0.000317   0.000379   0.65%
AmrLevel::AmrLevel(dm)                           1  0.0003066  0.0003214  0.0003362   0.57%
Amr::InitAmr()                                   1   0.000222  0.0002223  0.0002226   0.38%
CNS::computeTemp()                               8  0.0001884  0.0001892    0.00019   0.32%
FabArray::Saxpy()                                4  0.0001723  0.0001733  0.0001742   0.30%
FabArrayBase::getCPC()                           8  7.815e-05  7.908e-05  8.002e-05   0.14%
DistributionMapping::SFCProcessorMapDoIt()       1   1.15e-05  4.297e-05  7.443e-05   0.13%
FabArrayBase::CPC::define()                      1  7.118e-05  7.132e-05  7.147e-05   0.12%
DistributionMapping::LeastUsedCPUs()             1  5.184e-06  3.535e-05  6.551e-05   0.11%
Amr::readProbinFile()                            1  2.575e-05  3.651e-05  4.727e-05   0.08%
StateData::define()                              1  2.158e-05  2.244e-05  2.331e-05   0.04%
Amr::initSubcycle()                              1  7.916e-06   8.03e-06  8.143e-06   0.01%
DistributionMapping::Distribute()                1  1.239e-06  1.691e-06  2.144e-06   0.00%
post_timestep                                    4  1.353e-06  1.437e-06  1.521e-06   0.00%
-------------------------------------------------------------------------------------------

Unused ParmParse Variables:
  [TOP]::amr.ref_ratio(nvals = 4)  :: [2, 2, 2, 2]
  [TOP]::amr.regrid_int(nvals = 4)  :: [2, 2, 2, 2]
  [TOP]::amr.derive_plot_vars(nvals = 4)  :: [pressure, x_velocity, y_velocity, z_velocity]

Managed Memory Usage:
----------------------------------------------------------------------------------------------------------------------
Name                             Nalloc  Nfree  AvgMem min  AvgMem avg  AvgMem max  MaxMem min  MaxMem avg  MaxMem max
----------------------------------------------------------------------------------------------------------------------
The_Arena::Initialize()               2      2      26 MiB      27 MiB      27 MiB      11 GiB      11 GiB      11 GiB
CNS::compute_dSdt()                 320    320    2691 KiB    2812 KiB    2933 KiB      39 MiB      39 MiB      39 MiB
ResizeRandomSeed                      2      2      34 MiB      34 MiB      34 MiB      30 MiB      30 MiB      30 MiB
CNS::advance()                       72     72      25 MiB      25 MiB      25 MiB      26 MiB      26 MiB      26 MiB
FillPatchIterator::Initialize        64     64    8469 KiB    8547 KiB    8625 KiB       9 MiB       9 MiB       9 MiB
StateData::define()                   8      8    9852 KiB    9939 KiB       9 MiB       9 MiB       9 MiB       9 MiB
StateDataPhysBCFunct::()            128    128     411 KiB     413 KiB     416 KiB    1071 KiB    1071 KiB    1071 KiB
CNS::estTimeStep()                   14     14    1288   B    1316   B    1345   B     160 KiB     160 KiB     160 KiB
FabArray::sum()                      50     50    1156   B    1243   B    1330   B     160 KiB     160 KiB     160 KiB
FabArray::ParallelCopy_finish()      16     16     134   B     135   B     136   B    8272   B    8272   B    8272   B
FabArray::ParallelCopy_nowait()      32     32     158   B     159   B     161   B    8272   B    8272   B    8272   B
StateData::FillBoundary(geom)       192    192     794   B     799   B     804   B    2112   B    2112   B    2112   B
amrex::Copy()                        26     26     163   B     165   B     168   B    1168   B    1168   B    1168   B
FabArray::LinComb()                  10     10     200   B     201   B     202   B    1024   B    1024   B    1024   B
Amr::InitAmr()                        4      4     124   B     125   B     127   B     128   B     128   B     128   B
----------------------------------------------------------------------------------------------------------------------

Device Memory Usage:
---------------------------------------------------------------------------------------------------------------------
Name                            Nalloc  Nfree  AvgMem min  AvgMem avg  AvgMem max  MaxMem min  MaxMem avg  MaxMem max
---------------------------------------------------------------------------------------------------------------------
The_Device_Arena::Initialize()       2      2      32 KiB      32 KiB      33 KiB    8192 KiB    8192 KiB    8192 KiB
---------------------------------------------------------------------------------------------------------------------

Pinned Memory Usage:
----------------------------------------------------------------------------------------------------------------------
Name                             Nalloc  Nfree  AvgMem min  AvgMem avg  AvgMem max  MaxMem min  MaxMem avg  MaxMem max
----------------------------------------------------------------------------------------------------------------------
The_Pinned_Arena::Initialize()        2      2     513 KiB     523 KiB     534 KiB    8192 KiB    8192 KiB    8192 KiB
FabArray::ParallelCopy_nowait()      64     64     734 KiB     738 KiB     743 KiB    2150 KiB    2150 KiB    2150 KiB
FabArray::ParallelCopy_finish()      16     16     134   B     135   B     136   B    8272   B    8272   B    8272   B
StateData::FillBoundary(geom)       192    192     794   B     799   B     804   B    2112   B    2112   B    2112   B
amrex::Copy()                        26     26     163   B     165   B     168   B    1168   B    1168   B    1168   B
FabArray::LinComb()                  10     10     200   B     201   B     202   B    1024   B    1024   B    1024   B
CNS::estTimeStep()                   14     14     627   B     632   B     638   B     672   B     672   B     672   B
FabArray::sum()                      50     50       0   B       0   B       0   B      16   B      16   B      16   B
----------------------------------------------------------------------------------------------------------------------

Total GPU global memory (MB) spread across MPI: [16151 ... 16151]
Free  GPU global memory (MB) spread across MPI: [15699 ... 15699]
[The         Arena] space (MB) allocated spread across MPI: [12113 ... 12113]
[The         Arena] space (MB) used      spread across MPI: [0 ... 0]
[The  Device Arena] space (MB) allocated spread across MPI: [8 ... 8]
[The  Device Arena] space (MB) used      spread across MPI: [0 ... 0]
[The  Pinned Arena] space (MB) allocated spread across MPI: [8 ... 8]
[The  Pinned Arena] space (MB) used      spread across MPI: [0 ... 0]
AMReX (540949cafbe9-dirty) finalized
[ perf record: Woken up 1 times to write data ]
[ perf record: Captured and wrote 0.125 MB perf.data (1199 samples) ]
