rm: cannot remove 'perf.data': No such file or directory
Using CPUID GenuineIntel-6-55-4
Control descriptor is not initialized
Warning:
kernel.perf_event_paranoid=2, trying to fall back to excluding kernel and hypervisor  samples
Warning:
kernel.perf_event_paranoid=2, trying to fall back to excluding kernel and hypervisor  samples
Warning:
kernel.perf_event_paranoid=2, trying to fall back to excluding kernel and hypervisor  samples
Warning:
kernel.perf_event_paranoid=2, trying to fall back to excluding kernel and hypervisor  samples
Warning:
kernel.perf_event_paranoid=2, trying to fall back to excluding kernel and hypervisor  samples
Warning:
kernel.perf_event_paranoid=2, trying to fall back to excluding kernel and hypervisor  samples
Warning:
kernel.perf_event_paranoid=2, trying to fall back to excluding kernel and hypervisor  samples
Warning:
kernel.perf_event_paranoid=2, trying to fall back to excluding kernel and hypervisor  samples
Warning:
kernel.perf_event_paranoid=2, trying to fall back to excluding kernel and hypervisor  samples
Warning:
kernel.perf_event_paranoid=2, trying to fall back to excluding kernel and hypervisor  samples
Warning:
kernel.perf_event_paranoid=2, trying to fall back to excluding kernel and hypervisor  samples
Warning:
kernel.perf_event_paranoid=2, trying to fall back to excluding kernel and hypervisor  samples
MPI initialized with 2 MPI processes
MPI initialized with thread support level 0
Initializing CUDA...
Multiple GPUs are visible to each MPI rank, but the number of GPUs per socket or node has not been provided.
This may lead to incorrect or suboptimal rank-to-GPU mapping.!
Multiple GPUs are visible to each MPI rank, but the number of GPUs per socket or node has not been provided.
This may lead to incorrect or suboptimal rank-to-GPU mapping.!
CUDA initialized with 2 devices.
AMReX (540949cafbe9-dirty) initialized
Successfully read inputs file ... 
Successfully read inputs file ... 
Starting to call amrex_probinit ... 
Successfully run amrex_probinit
INITIAL GRIDS 
  Level 0   8 grids  262144 cells  100 % of domain
            smallest grid: 32 x 32 x 32  biggest grid: 32 x 32 x 32


[CNS] Total mass       is 147456
      Total x-momentum is 0
      Total y-momentum is 0
      Total z-momentum is 0
      Total energy     is 360448.00000000006
[Level 0 step 1] ADVANCE with dt = 0.003961660569
[Level 0 step 1] Advanced 262144 cells

STEP = 1 TIME = 0.003961660569 DT = 0.003961660569


[CNS] Total mass       is 147456.00000000003
      Total x-momentum is 934.6729933893613
      Total y-momentum is 0
      Total z-momentum is 0
      Total energy     is 360448.00000000017

[STEP 1] Coarse TimeStep time: 0.031501868
[STEP 1] FAB kilobyte spread across MPI nodes: [62878 ... 62878]

[Level 0 step 2] ADVANCE with dt = 0.00270323629
[Level 0 step 2] Advanced 262144 cells

STEP = 2 TIME = 0.006664896859 DT = 0.00270323629


[CNS] Total mass       is 147456
      Total x-momentum is 1572.4464499343446
      Total y-momentum is 0
      Total z-momentum is 0
      Total energy     is 360448

[STEP 2] Coarse TimeStep time: 0.004678803
[STEP 2] FAB kilobyte spread across MPI nodes: [62878 ... 62878]

[Level 0 step 3] ADVANCE with dt = 0.00246461758
[Level 0 step 3] Advanced 262144 cells

STEP = 3 TIME = 0.009129514439 DT = 0.00246461758


[CNS] Total mass       is 147455.99999999997
      Total x-momentum is 2153.9226896809505
      Total y-momentum is 0
      Total z-momentum is 0
      Total energy     is 360448.00000000017

[STEP 3] Coarse TimeStep time: 0.00470808
[STEP 3] FAB kilobyte spread across MPI nodes: [62878 ... 62878]

[Level 0 step 4] ADVANCE with dt = 0.002365837545
[Level 0 step 4] Advanced 262144 cells

STEP = 4 TIME = 0.01149535198 DT = 0.002365837545


[CNS] Total mass       is 147455.99999999991
      Total x-momentum is 2712.0937952674672
      Total y-momentum is 0
      Total z-momentum is 0
      Total energy     is 360448

[STEP 4] Coarse TimeStep time: 0.004651282
[STEP 4] FAB kilobyte spread across MPI nodes: [62878 ... 62878]

Run Time total        = 0.046760439
Run Time init         = 0.001292285
Run Time advance      = 0.045460151


TinyProfiler total time across processes [min...avg...max]: 0.0468 ... 0.04685 ... 0.0469

-------------------------------------------------------------------------------------------
Name                                        NCalls  Excl. Min  Excl. Avg  Excl. Max   Max %
-------------------------------------------------------------------------------------------
StateDataPhysBCFunct::()                         8     0.0238    0.02441    0.02502  53.36%
FabArray::ParallelCopy_finish()                  8   0.005396   0.005571   0.005746  12.25%
StateData::FillBoundary(geom)                   96   0.004937   0.004984   0.005031  10.73%
CNS::compute_dSdt()                              8   0.004088   0.004142   0.004196   8.95%
FabArray::ParallelCopy_nowait()                  8   0.002007   0.002009   0.002011   4.29%
CNS::estTimeStep()                               5  0.0006196  0.0008318   0.001044   2.23%
amrex::Copy()                                    8  0.0008096  0.0008263   0.000843   1.80%
FabArray::LinComb()                              8  0.0006384  0.0006562  0.0006741   1.44%
FabArray::setDomainBndry()                       8  0.0006306  0.0006494  0.0006683   1.42%
FabArray::sum()                                 25  0.0004567  0.0005042  0.0005516   1.18%
main()                                           1  0.0001354  0.0003153  0.0004952   1.06%
CNS::initData()                                  1  0.0003244  0.0003377   0.000351   0.75%
AmrLevel::AmrLevel(dm)                           1  0.0002634  0.0002695  0.0002755   0.59%
FabArray::Saxpy()                                4  0.0001758  0.0002018  0.0002278   0.49%
CNS::advance()                                   4  0.0001543  0.0001734  0.0001924   0.41%
CNS::computeTemp()                               8  0.0001886  0.0001902  0.0001918   0.41%
Amr::InitAmr()                                   1  0.0001698  0.0001726  0.0001754   0.37%
Amr::coarseTimeStep()                            4  4.337e-05  8.534e-05  0.0001273   0.27%
Amr::timeStep()                                  4  3.819e-05  7.066e-05  0.0001031   0.22%
DistributionMapping::LeastUsedCPUs()             1  6.111e-06  4.894e-05  9.178e-05   0.20%
FabArrayBase::CPC::define()                      1  8.227e-05  8.356e-05  8.485e-05   0.18%
Amr::FinalizeInit()                              1  1.116e-05  4.547e-05  7.979e-05   0.17%
Amr::defBaseLevel()                              1  3.821e-05  4.643e-05  5.464e-05   0.12%
Amr::readProbinFile()                            1  2.824e-05  3.989e-05  5.154e-05   0.11%
FillPatchIterator::Initialize                    8  4.217e-05  4.518e-05  4.819e-05   0.10%
StateData::define()                              1   2.29e-05   2.41e-05   2.53e-05   0.05%
FabArrayBase::getCPC()                           8  9.551e-06   1.08e-05  1.205e-05   0.03%
FabArray::ParallelCopy()                         8  9.567e-06  9.991e-06  1.041e-05   0.02%
FillPatchSingleLevel                             8   8.75e-06  9.257e-06  9.763e-06   0.02%
postCoarseTimeStep()                             4  6.763e-06  7.526e-06  8.289e-06   0.02%
Amr::initSubcycle()                              1  7.954e-06  8.104e-06  8.254e-06   0.02%
Amr::initialInit()                               1  6.659e-06  7.329e-06  7.999e-06   0.02%
Amr::InitializeInit()                            1  2.617e-06  4.889e-06  7.162e-06   0.02%
DistributionMapping::SFCProcessorMapDoIt()       1  5.898e-06  5.961e-06  6.023e-06   0.01%
post_timestep                                    4  1.559e-06  1.604e-06  1.649e-06   0.00%
DistributionMapping::Distribute()                1  1.273e-06  1.306e-06  1.339e-06   0.00%
Amr::init()                                      1   9.72e-07  1.057e-06  1.142e-06   0.00%
-------------------------------------------------------------------------------------------

-------------------------------------------------------------------------------------------
Name                                        NCalls  Incl. Min  Incl. Avg  Incl. Max   Max %
-------------------------------------------------------------------------------------------
main()                                           1    0.04679     0.0468    0.04682  99.83%
Amr::coarseTimeStep()                            4    0.04511    0.04528    0.04546  96.93%
Amr::timeStep()                                  4    0.04356    0.04405    0.04453  94.94%
CNS::advance()                                   4    0.04346    0.04397    0.04449  94.86%
FillPatchIterator::Initialize                    8    0.03737    0.03778     0.0382  81.45%
FillPatchSingleLevel                             8    0.03669    0.03709    0.03748  79.92%
StateDataPhysBCFunct::()                         8    0.02883    0.02939    0.02996  63.89%
FabArray::ParallelCopy()                         8   0.007512   0.007685   0.007857  16.75%
FabArray::ParallelCopy_finish()                  8   0.005396   0.005571   0.005746  12.25%
StateData::FillBoundary(geom)                   96   0.004937   0.004984   0.005031  10.73%
CNS::compute_dSdt()                              8   0.004088   0.004142   0.004196   8.95%
FabArray::ParallelCopy_nowait()                  8   0.002102   0.002103   0.002105   4.49%
CNS::estTimeStep()                               5  0.0006196  0.0008318   0.001044   2.23%
Amr::init()                                      1   0.001011   0.001024   0.001037   2.21%
Amr::initialInit()                               1    0.00101   0.001023   0.001036   2.21%
amrex::Copy()                                    8  0.0008096  0.0008263   0.000843   1.80%
Amr::InitializeInit()                            1  0.0007622  0.0007787  0.0007952   1.70%
Amr::defBaseLevel()                              1  0.0007035  0.0007339  0.0007643   1.63%
FabArray::LinComb()                              8  0.0006384  0.0006562  0.0006741   1.44%
FabArray::setDomainBndry()                       8  0.0006306  0.0006494  0.0006683   1.42%
FabArray::sum()                                 25  0.0004567  0.0005042  0.0005516   1.18%
postCoarseTimeStep()                             4   0.000376  0.0004229  0.0004699   1.00%
CNS::initData()                                  1  0.0003244  0.0003377   0.000351   0.75%
AmrLevel::AmrLevel(dm)                           1  0.0002863  0.0002936  0.0003008   0.64%
Amr::FinalizeInit()                              1   0.000207   0.000237  0.0002669   0.57%
FabArray::Saxpy()                                4  0.0001758  0.0002018  0.0002278   0.49%
CNS::computeTemp()                               8  0.0001886  0.0001902  0.0001918   0.41%
Amr::InitAmr()                                   1  0.0001778  0.0001807  0.0001836   0.39%
DistributionMapping::SFCProcessorMapDoIt()       1  1.341e-05  5.621e-05  9.901e-05   0.21%
FabArrayBase::getCPC()                           8  9.433e-05  9.436e-05   9.44e-05   0.20%
DistributionMapping::LeastUsedCPUs()             1  6.111e-06  4.894e-05  9.178e-05   0.20%
FabArrayBase::CPC::define()                      1  8.227e-05  8.356e-05  8.485e-05   0.18%
Amr::readProbinFile()                            1  2.824e-05  3.989e-05  5.154e-05   0.11%
StateData::define()                              1   2.29e-05   2.41e-05   2.53e-05   0.05%
Amr::initSubcycle()                              1  7.954e-06  8.104e-06  8.254e-06   0.02%
post_timestep                                    4  1.559e-06  1.604e-06  1.649e-06   0.00%
DistributionMapping::Distribute()                1  1.273e-06  1.306e-06  1.339e-06   0.00%
-------------------------------------------------------------------------------------------

Unused ParmParse Variables:
  [TOP]::amr.ref_ratio(nvals = 4)  :: [2, 2, 2, 2]
  [TOP]::amr.regrid_int(nvals = 4)  :: [2, 2, 2, 2]
  [TOP]::amr.derive_plot_vars(nvals = 4)  :: [pressure, x_velocity, y_velocity, z_velocity]

Managed Memory Usage:
----------------------------------------------------------------------------------------------------------------------
Name                             Nalloc  Nfree  AvgMem min  AvgMem avg  AvgMem max  MaxMem min  MaxMem avg  MaxMem max
----------------------------------------------------------------------------------------------------------------------
The_Arena::Initialize()               2      2      31 MiB      33 MiB      35 MiB      11 GiB      11 GiB      11 GiB
CNS::compute_dSdt()                 320    320    2783 KiB    2876 KiB    2968 KiB      39 MiB      39 MiB      39 MiB
ResizeRandomSeed                      2      2      34 MiB      34 MiB      34 MiB      30 MiB      30 MiB      30 MiB
CNS::advance()                       72     72      24 MiB      24 MiB      25 MiB      26 MiB      26 MiB      26 MiB
FillPatchIterator::Initialize        64     64    7969 KiB    8216 KiB    8463 KiB       9 MiB       9 MiB       9 MiB
StateData::define()                   8      8    9555 KiB    9766 KiB    9977 KiB       9 MiB       9 MiB       9 MiB
StateDataPhysBCFunct::()            128    128     502 KiB     510 KiB     518 KiB    1071 KiB    1071 KiB    1071 KiB
CNS::estTimeStep()                   14     14    1202   B    1231   B    1261   B     160 KiB     160 KiB     160 KiB
FabArray::sum()                      50     50    1526   B    1605   B    1684   B     160 KiB     160 KiB     160 KiB
FabArray::ParallelCopy_finish()      16     16     163   B     168   B     173   B    8272   B    8272   B    8272   B
FabArray::ParallelCopy_nowait()      32     32     194   B     199   B     204   B    8272   B    8272   B    8272   B
StateData::FillBoundary(geom)       192    192     971   B     986   B    1001   B    2112   B    2112   B    2112   B
amrex::Copy()                        26     26     206   B     213   B     220   B    1168   B    1168   B    1168   B
FabArray::LinComb()                  10     10     289   B     298   B     307   B    1024   B    1024   B    1024   B
Amr::InitAmr()                        4      4     121   B     123   B     126   B     128   B     128   B     128   B
----------------------------------------------------------------------------------------------------------------------

Device Memory Usage:
---------------------------------------------------------------------------------------------------------------------
Name                            Nalloc  Nfree  AvgMem min  AvgMem avg  AvgMem max  MaxMem min  MaxMem avg  MaxMem max
---------------------------------------------------------------------------------------------------------------------
The_Device_Arena::Initialize()       2      2      37 KiB      39 KiB      41 KiB    8192 KiB    8192 KiB    8192 KiB
---------------------------------------------------------------------------------------------------------------------

Pinned Memory Usage:
----------------------------------------------------------------------------------------------------------------------
Name                             Nalloc  Nfree  AvgMem min  AvgMem avg  AvgMem max  MaxMem min  MaxMem avg  MaxMem max
----------------------------------------------------------------------------------------------------------------------
The_Pinned_Arena::Initialize()        2      2     780 KiB     790 KiB     800 KiB    8192 KiB    8192 KiB    8192 KiB
FabArray::ParallelCopy_nowait()      64     64     335 KiB     336 KiB     338 KiB    2150 KiB    2150 KiB    2150 KiB
FabArray::ParallelCopy_finish()      16     16     163   B     168   B     173   B    8272   B    8272   B    8272   B
StateData::FillBoundary(geom)       192    192     971   B     986   B    1001   B    2112   B    2112   B    2112   B
amrex::Copy()                        26     26     206   B     213   B     220   B    1168   B    1168   B    1168   B
FabArray::LinComb()                  10     10     289   B     298   B     307   B    1024   B    1024   B    1024   B
CNS::estTimeStep()                   14     14     609   B     622   B     636   B     672   B     672   B     672   B
FabArray::sum()                      50     50       0   B       0   B       0   B      16   B      16   B      16   B
----------------------------------------------------------------------------------------------------------------------

Total GPU global memory (MB) spread across MPI: [16151 ... 16151]
Free  GPU global memory (MB) spread across MPI: [15699 ... 15699]
[The         Arena] space (MB) allocated spread across MPI: [12113 ... 12113]
[The         Arena] space (MB) used      spread across MPI: [0 ... 0]
[The  Device Arena] space (MB) allocated spread across MPI: [8 ... 8]
[The  Device Arena] space (MB) used      spread across MPI: [0 ... 0]
[The  Pinned Arena] space (MB) allocated spread across MPI: [8 ... 8]
[The  Pinned Arena] space (MB) used      spread across MPI: [0 ... 0]
AMReX (540949cafbe9-dirty) finalized
task-clock:u: 1655528379 1655528379 1655528379
context-switches:u: 0 1655528379 1655528379
cpu-migrations:u: 0 1655528379 1655528379
page-faults:u: 133810 1655528379 1655528379
cycles:u: 1261511083 1659371017 1659371017
instructions:u: 2030849985 1659371017 1659371017
branches:u: 400787474 1659371017 1659371017
branch-misses:u: 4833786 1659371017 1659371017
L1-dcache-loads:u: 514005705 1659371017 1659371017
L1-dcache-load-misses:u: 30345330 1659371017 1659371017
LLC-loads:u: 1202122 1659371017 1659371017
LLC-load-misses:u: 598085 1659371017 1659371017

 Performance counter stats for 'mpirun -np 2 CNS3d.gnu.TPROF.MPI.CUDA.ex inputs':

          1,655.53 msec task-clock:u              #    1.545 CPUs utilized          
                 0      context-switches:u        #    0.000 /sec                   
                 0      cpu-migrations:u          #    0.000 /sec                   
           133,810      page-faults:u             #   80.826 K/sec                  
     1,261,511,083      cycles:u                  #    0.762 GHz                    
     2,030,849,985      instructions:u            #    1.61  insn per cycle         
       400,787,474      branches:u                #  242.090 M/sec                  
         4,833,786      branch-misses:u           #    1.21% of all branches        
       514,005,705      L1-dcache-loads:u         #  310.478 M/sec                  
        30,345,330      L1-dcache-load-misses:u   #    5.90% of all L1-dcache accesses
         1,202,122      LLC-loads:u               #  726.126 K/sec                  
           598,085      LLC-load-misses:u         #   49.75% of all LL-cache accesses

       1.071748238 seconds time elapsed

       0.488236000 seconds user
       1.161967000 seconds sys


failed to write feature HYBRID_TOPOLOGY
failed to write feature HYBRID_CPU_PMU_CAPS
