MPI initialized with 2 MPI processes
MPI initialized with thread support level 0
Initializing CUDA...
Multiple GPUs are visible to each MPI rank, but the number of GPUs per socket or node has not been provided.
This may lead to incorrect or suboptimal rank-to-GPU mapping.!
Multiple GPUs are visible to each MPI rank, but the number of GPUs per socket or node has not been provided.
This may lead to incorrect or suboptimal rank-to-GPU mapping.!
CUDA initialized with 2 devices.
AMReX (1156f232c0aa) initialized
Successfully read inputs file ... 
Successfully read inputs file ... 
Starting to call amrex_probinit ... 
Successfully run amrex_probinit
INITIAL GRIDS 
  Level 0   8 grids  262144 cells  100 % of domain
            smallest grid: 32 x 32 x 32  biggest grid: 32 x 32 x 32


[CNS] Total mass       is 147456
      Total x-momentum is 0
      Total y-momentum is 0
      Total z-momentum is 0
      Total energy     is 360448.00000000006
[Level 0 step 1] ADVANCE with dt = 0.003961660569
[Level 0 step 1] Advanced 262144 cells

STEP = 1 TIME = 0.003961660569 DT = 0.003961660569


[CNS] Total mass       is 147456.00000000003
      Total x-momentum is 934.6729933893613
      Total y-momentum is 0
      Total z-momentum is 0
      Total energy     is 360448.00000000017

[STEP 1] Coarse TimeStep time: 0.030849825
[STEP 1] FAB kilobyte spread across MPI nodes: [62878 ... 62878]

[Level 0 step 2] ADVANCE with dt = 0.00270323629
[Level 0 step 2] Advanced 262144 cells

STEP = 2 TIME = 0.006664896859 DT = 0.00270323629


[CNS] Total mass       is 147456
      Total x-momentum is 1572.4464499343446
      Total y-momentum is 0
      Total z-momentum is 0
      Total energy     is 360448

[STEP 2] Coarse TimeStep time: 0.004293123
[STEP 2] FAB kilobyte spread across MPI nodes: [62878 ... 62878]

[Level 0 step 3] ADVANCE with dt = 0.00246461758
[Level 0 step 3] Advanced 262144 cells

STEP = 3 TIME = 0.009129514439 DT = 0.00246461758


[CNS] Total mass       is 147455.99999999997
      Total x-momentum is 2153.9226896809505
      Total y-momentum is 0
      Total z-momentum is 0
      Total energy     is 360448.00000000017

[STEP 3] Coarse TimeStep time: 0.004143901
[STEP 3] FAB kilobyte spread across MPI nodes: [62878 ... 62878]

[Level 0 step 4] ADVANCE with dt = 0.002365837545
[Level 0 step 4] Advanced 262144 cells

STEP = 4 TIME = 0.01149535198 DT = 0.002365837545


[CNS] Total mass       is 147455.99999999991
      Total x-momentum is 2712.0937952674672
      Total y-momentum is 0
      Total z-momentum is 0
      Total energy     is 360448

[STEP 4] Coarse TimeStep time: 0.004191186
[STEP 4] FAB kilobyte spread across MPI nodes: [62878 ... 62878]

Run Time total        = 0.044460413
Run Time init         = 0.001048056
Run Time advance      = 0.043380053


TinyProfiler total time across processes [min...avg...max]: 0.04433 ... 0.04448 ... 0.04464

-------------------------------------------------------------------------------------------
Name                                        NCalls  Excl. Min  Excl. Avg  Excl. Max   Max %
-------------------------------------------------------------------------------------------
StateDataPhysBCFunct::()                         8    0.02316    0.02317    0.02318  51.94%
FabArray::ParallelCopy_finish()                  8   0.005224   0.005319   0.005413  12.13%
StateData::FillBoundary(geom)                   96   0.004397    0.00463   0.004864  10.90%
CNS::compute_dSdt()                              8   0.004026    0.00404   0.004054   9.08%
FabArray::ParallelCopy_nowait()                  8   0.001958   0.001968   0.001979   4.43%
CNS::estTimeStep()                               5  0.0006514  0.0008318   0.001012   2.27%
amrex::Copy()                                    8   0.000806  0.0008348  0.0008637   1.93%
FabArray::LinComb()                              8  0.0006979  0.0007001  0.0007024   1.57%
FabArray::setDomainBndry()                       8  0.0006272  0.0006535  0.0006798   1.52%
FabArray::sum()                                 25  0.0004504  0.0004774  0.0005044   1.13%
CNS::initData()                                  1  0.0003633  0.0003724  0.0003815   0.85%
main()                                           1  0.0001323  0.0001857  0.0002391   0.54%
CNS::advance()                                   4  0.0001437  0.0001753  0.0002069   0.46%
CNS::computeTemp()                               8  0.0001859  0.0001868  0.0001877   0.42%
Amr::InitAmr()                                   1   0.000169  0.0001723  0.0001756   0.39%
FabArray::Saxpy()                                4  0.0001738  0.0001739   0.000174   0.39%
Amr::coarseTimeStep()                            4  3.922e-05  7.911e-05   0.000119   0.27%
DistributionMapping::LeastUsedCPUs()             1   5.27e-06  6.053e-05  0.0001158   0.26%
FabArrayBase::CPC::define()                      1  8.511e-05   8.78e-05  9.049e-05   0.20%
Amr::timeStep()                                  4  3.808e-05  6.332e-05  8.856e-05   0.20%
postCoarseTimeStep()                             4    7.6e-06  3.847e-05  6.934e-05   0.16%
Amr::FinalizeInit()                              1  4.203e-06  2.982e-05  5.544e-05   0.12%
Amr::readProbinFile()                            1  2.639e-05  3.786e-05  4.934e-05   0.11%
FillPatchIterator::Initialize                    8  3.789e-05  3.807e-05  3.826e-05   0.09%
Amr::defBaseLevel()                              1  2.358e-05  3.017e-05  3.675e-05   0.08%
StateData::define()                              1   2.22e-05  2.253e-05  2.286e-05   0.05%
AmrLevel::AmrLevel(dm)                           1  1.059e-05  1.074e-05  1.089e-05   0.02%
FabArray::ParallelCopy()                         8  9.008e-06  9.376e-06  9.745e-06   0.02%
FillPatchSingleLevel                             8  8.026e-06  8.705e-06  9.384e-06   0.02%
Amr::initSubcycle()                              1  8.144e-06  8.416e-06  8.688e-06   0.02%
Amr::InitializeInit()                            1  2.666e-06  4.742e-06  6.817e-06   0.02%
DistributionMapping::SFCProcessorMapDoIt()       1  5.203e-06  5.579e-06  5.955e-06   0.01%
FabArrayBase::getCPC()                           8  4.522e-06  4.739e-06  4.956e-06   0.01%
post_timestep                                    4  1.425e-06   1.59e-06  1.754e-06   0.00%
DistributionMapping::Distribute()                1  1.219e-06  1.246e-06  1.273e-06   0.00%
Amr::init()                                      1  1.185e-06  1.213e-06   1.24e-06   0.00%
Amr::initialInit()                               1   9.23e-07   9.31e-07   9.39e-07   0.00%
-------------------------------------------------------------------------------------------

-------------------------------------------------------------------------------------------
Name                                        NCalls  Incl. Min  Incl. Avg  Incl. Max   Max %
-------------------------------------------------------------------------------------------
main()                                           1    0.04431    0.04444    0.04457  99.84%
Amr::coarseTimeStep()                            4    0.04321    0.04329    0.04338  97.18%
Amr::timeStep()                                  4    0.04192    0.04207    0.04222  94.59%
CNS::advance()                                   4    0.04188      0.042    0.04213  94.39%
FillPatchIterator::Initialize                    8    0.03575    0.03589    0.03603  80.73%
FillPatchSingleLevel                             8    0.03509     0.0352    0.03532  79.12%
StateDataPhysBCFunct::()                         8    0.02758     0.0278    0.02803  62.79%
FabArray::ParallelCopy()                         8   0.007281   0.007389   0.007497  16.79%
FabArray::ParallelCopy_finish()                  8   0.005224   0.005319   0.005413  12.13%
StateData::FillBoundary(geom)                   96   0.004397    0.00463   0.004864  10.90%
CNS::compute_dSdt()                              8   0.004026    0.00404   0.004054   9.08%
FabArray::ParallelCopy_nowait()                  8   0.002048   0.002061   0.002074   4.65%
CNS::estTimeStep()                               5  0.0006514  0.0008318   0.001012   2.27%
amrex::Copy()                                    8   0.000806  0.0008348  0.0008637   1.93%
Amr::init()                                      1  0.0007659  0.0007789  0.0007919   1.77%
Amr::initialInit()                               1  0.0007647  0.0007777  0.0007907   1.77%
FabArray::LinComb()                              8  0.0006979  0.0007001  0.0007024   1.57%
FabArray::setDomainBndry()                       8  0.0006272  0.0006535  0.0006798   1.52%
Amr::InitializeInit()                            1  0.0005195  0.0005458  0.0005721   1.28%
Amr::defBaseLevel()                              1  0.0004634  0.0005032   0.000543   1.22%
FabArray::sum()                                 25  0.0004504  0.0004774  0.0005044   1.13%
postCoarseTimeStep()                             4  0.0003681  0.0004286   0.000489   1.10%
CNS::initData()                                  1  0.0003633  0.0003724  0.0003815   0.85%
Amr::FinalizeInit()                              1  0.0002177   0.000231  0.0002443   0.55%
CNS::computeTemp()                               8  0.0001859  0.0001868  0.0001877   0.42%
Amr::InitAmr()                                   1  0.0001777  0.0001807  0.0001837   0.41%
FabArray::Saxpy()                                4  0.0001738  0.0001739   0.000174   0.39%
DistributionMapping::SFCProcessorMapDoIt()       1  1.169e-05  6.736e-05   0.000123   0.28%
DistributionMapping::LeastUsedCPUs()             1   5.27e-06  6.053e-05  0.0001158   0.26%
FabArrayBase::getCPC()                           8  8.963e-05  9.254e-05  9.545e-05   0.21%
FabArrayBase::CPC::define()                      1  8.511e-05   8.78e-05  9.049e-05   0.20%
Amr::readProbinFile()                            1  2.639e-05  3.786e-05  4.934e-05   0.11%
AmrLevel::AmrLevel(dm)                           1   3.31e-05  3.327e-05  3.345e-05   0.07%
StateData::define()                              1   2.22e-05  2.253e-05  2.286e-05   0.05%
Amr::initSubcycle()                              1  8.144e-06  8.416e-06  8.688e-06   0.02%
post_timestep                                    4  1.425e-06   1.59e-06  1.754e-06   0.00%
DistributionMapping::Distribute()                1  1.219e-06  1.246e-06  1.273e-06   0.00%
-------------------------------------------------------------------------------------------

Unused ParmParse Variables:
  [TOP]::amr.ref_ratio(nvals = 4)  :: [2, 2, 2, 2]
  [TOP]::amr.regrid_int(nvals = 4)  :: [2, 2, 2, 2]
  [TOP]::amr.derive_plot_vars(nvals = 4)  :: [pressure, x_velocity, y_velocity, z_velocity]

Managed Memory Usage:
----------------------------------------------------------------------------------------------------------------------
Name                             Nalloc  Nfree  AvgMem min  AvgMem avg  AvgMem max  MaxMem min  MaxMem avg  MaxMem max
----------------------------------------------------------------------------------------------------------------------
The_Arena::Initialize()               2      2      34 MiB      35 MiB      36 MiB      11 GiB      11 GiB      11 GiB
CNS::compute_dSdt()                 320    320    2882 KiB    2952 KiB    3023 KiB      39 MiB      39 MiB      39 MiB
ResizeRandomSeed                      2      2      34 MiB      34 MiB      34 MiB      30 MiB      30 MiB      30 MiB
CNS::advance()                       72     72      24 MiB      25 MiB      25 MiB      26 MiB      26 MiB      26 MiB
FillPatchIterator::Initialize        64     64    8073 KiB    8205 KiB    8336 KiB       9 MiB       9 MiB       9 MiB
StateData::define()                   8      8    9654 KiB    9815 KiB    9977 KiB       9 MiB       9 MiB       9 MiB
StateDataPhysBCFunct::()            128    128     516 KiB     526 KiB     536 KiB    1071 KiB    1071 KiB    1071 KiB
CNS::estTimeStep()                   14     14    1251   B    1270   B    1289   B     160 KiB     160 KiB     160 KiB
FabArray::sum()                      50     50    1491   B    1536   B    1582   B     160 KiB     160 KiB     160 KiB
FabArray::ParallelCopy_finish()      16     16     171   B     176   B     182   B    8272   B    8272   B    8272   B
FabArray::ParallelCopy_nowait()      32     32     204   B     209   B     214   B    8272   B    8272   B    8272   B
StateData::FillBoundary(geom)       192    192     997   B    1017   B    1038   B    2112   B    2112   B    2112   B
amrex::Copy()                        26     26     206   B     210   B     214   B    1168   B    1168   B    1168   B
FabArray::LinComb()                  10     10     286   B     290   B     294   B    1024   B    1024   B    1024   B
Amr::InitAmr()                        4      4     121   B     123   B     126   B     128   B     128   B     128   B
----------------------------------------------------------------------------------------------------------------------

Device Memory Usage:
---------------------------------------------------------------------------------------------------------------------
Name                            Nalloc  Nfree  AvgMem min  AvgMem avg  AvgMem max  MaxMem min  MaxMem avg  MaxMem max
---------------------------------------------------------------------------------------------------------------------
The_Device_Arena::Initialize()       2      2      34 KiB      35 KiB      36 KiB    8192 KiB    8192 KiB    8192 KiB
---------------------------------------------------------------------------------------------------------------------

Pinned Memory Usage:
----------------------------------------------------------------------------------------------------------------------
Name                             Nalloc  Nfree  AvgMem min  AvgMem avg  AvgMem max  MaxMem min  MaxMem avg  MaxMem max
----------------------------------------------------------------------------------------------------------------------
The_Pinned_Arena::Initialize()        2      2     805 KiB     820 KiB     834 KiB    8192 KiB    8192 KiB    8192 KiB
FabArray::ParallelCopy_nowait()      64     64     328 KiB     340 KiB     351 KiB    2150 KiB    2150 KiB    2150 KiB
FabArray::ParallelCopy_finish()      16     16     172   B     177   B     182   B    8272   B    8272   B    8272   B
StateData::FillBoundary(geom)       192    192     998   B    1018   B    1039   B    2112   B    2112   B    2112   B
amrex::Copy()                        26     26     206   B     210   B     214   B    1168   B    1168   B    1168   B
FabArray::LinComb()                  10     10     286   B     290   B     294   B    1024   B    1024   B    1024   B
CNS::estTimeStep()                   14     14     615   B     625   B     635   B     672   B     672   B     672   B
FabArray::sum()                      50     50       0   B       0   B       0   B      16   B      16   B      16   B
----------------------------------------------------------------------------------------------------------------------

Total GPU global memory (MB) spread across MPI: [16151 ... 16151]
Free  GPU global memory (MB) spread across MPI: [15699 ... 15699]
[The         Arena] space (MB) allocated spread across MPI: [12113 ... 12113]
[The         Arena] space (MB) used      spread across MPI: [0 ... 0]
[The  Device Arena] space (MB) allocated spread across MPI: [8 ... 8]
[The  Device Arena] space (MB) used      spread across MPI: [0 ... 0]
[The  Pinned Arena] space (MB) allocated spread across MPI: [8 ... 8]
[The  Pinned Arena] space (MB) used      spread across MPI: [0 ... 0]
AMReX (1156f232c0aa) finalized
##IPMv2.0.6########################################################
#
# command   : CNS3d.gnu.TPROF.MPI.CUDA.ex inputs 
# start     : Fri Jun 30 15:14:00 2023   host      : gl1012.arc-ts.u 
# stop      : Fri Jun 30 15:14:05 2023   wallclock : 0.75
# mpi_tasks : 2 on 1 nodes               %comm     : 1.14
# mem [GB]  : 1.04                       gflop/sec : 0.00
#
#           :       [total]        <avg>          min          max
# wallclock :          1.49         0.75         0.74         0.75 
# MPI       :          0.02         0.01         0.01         0.01 
# %wall     :
#   MPI     :                       1.14         0.84         1.45 
# #calls    :
#   MPI     :           546          273          273          273
# mem [GB]  :          1.04         0.52         0.52         0.52 
#
#                             [time]        [count]        <%wall>
# MPI_Waitall                   0.01             32           0.57
# MPI_Bcast                     0.00             24           0.33
# MPI_Allgather                 0.00              6           0.09
# MPI_Isend                     0.00             16           0.07
# MPI_Allreduce                 0.00             20           0.06
# MPI_Reduce                    0.00             64           0.02
# MPI_Gather                    0.00            340           0.01
# MPI_Comm_free                 0.00              4           0.00
# MPI_Irecv                     0.00             16           0.00
# MPI_Comm_compare              0.00              4           0.00
# MPI_Comm_size                 0.00             10           0.00
# MPI_Comm_rank                 0.00              4           0.00
# MPI_Comm_group                0.00              2           0.00
# MPI_Init                      0.00              2           0.00
# MPI_Finalize                  0.00              2           0.00
#
###################################################################
