MPI initialized with 2 MPI processes
MPI initialized with thread support level 0
Initializing CUDA...
==PROF== Connected to process 3857643 (/home/ziangli/amrex/CNS/Exec/Sod/CNS3d.gnu.TPROF.MPI.CUDA.ex)
==PROF== Connected to process 3857644 (/home/ziangli/amrex/CNS/Exec/Sod/CNS3d.gnu.TPROF.MPI.CUDA.ex)
Multiple GPUs are visible to each MPI rank, but the number of GPUs per socket or node has not been provided.
This may lead to incorrect or suboptimal rank-to-GPU mapping.!
Multiple GPUs are visible to each MPI rank, but the number of GPUs per socket or node has not been provided.
This may lead to incorrect or suboptimal rank-to-GPU mapping.!
CUDA initialized with 2 devices.
AMReX (2b1434edf43e-dirty) initialized
Successfully read inputs file ... 
Successfully read inputs file ... 
Starting to call amrex_probinit ... 
Successfully run amrex_probinit
INITIAL GRIDS 
  Level 0   8 grids  262144 cells  100 % of domain
            smallest grid: 32 x 32 x 32  biggest grid: 32 x 32 x 32


[CNS] Total mass       is 147456
      Total x-momentum is 0
      Total y-momentum is 0
      Total z-momentum is 0
      Total energy     is 360448.00000000006
[Level 0 step 1] ADVANCE with dt = 0.003961660569
[Level 0 step 1] Advanced 262144 cells

STEP = 1 TIME = 0.003961660569 DT = 0.003961660569


[CNS] Total mass       is 147456.00000000003
      Total x-momentum is 934.6729933893613
      Total y-momentum is 0
      Total z-momentum is 0
      Total energy     is 360448.00000000017

[STEP 1] Coarse TimeStep time: 0.084738824
[STEP 1] FAB kilobyte spread across MPI nodes: [62878 ... 62878]

[Level 0 step 2] ADVANCE with dt = 0.00270323629
==PROF== Profiling "launch_global": 0%
==WARNING== An error was reported by the driver

==WARNING== Backing up device memory in system memory. Kernel replay might be slow. Consider using "--replay-mode application" to avoid memory save-and-restore.
....50%....100% - 22 passes
==PROF== Profiling "launch_global": 0%
==WARNING== An error was reported by the driver

==WARNING== Backing up device memory in system memory. Kernel replay might be slow. Consider using "--replay-mode application" to avoid memory save-and-restore.
....50%....100% - 22 passes
==PROF== Profiling "launch_global": 0%....50%....100% - 22 passes
==PROF== Profiling "launch_global": 0%....50%....100% - 22 passes
==PROF== Profiling "launch_global": 0%....50%....100% - 22 passes
==PROF== Profiling "launch_global": 0%....50%....100% - 22 passes
==PROF== Profiling "launch_global": 0%....50%....100% - 22 passes
==PROF== Profiling "launch_global": 0%....50%....100% - 22 passes
==PROF== Profiling "launch_global": 0%....50%....100% - 22 passes
==PROF== Profiling "launch_global": 0%....50%....100% - 22 passes
==PROF== Profiling "launch_global": 0%....50%....100% - 22 passes
==PROF== Profiling "launch_global": 0%....50%....100% - 22 passes
==PROF== Profiling "launch_global": 0%....50%....100% - 22 passes
==PROF== Profiling "launch_global": 0%....50%....100% - 22 passes
==PROF== Profiling "launch_global": 0%....50%....100% - 22 passes
==PROF== Profiling "launch_global": 0%....50%....100% - 22 passes
==PROF== Profiling "launch_global": 0%....50%....100% - 22 passes
==PROF== Profiling "launch_global": 0%....50%....100% - 22 passes
==PROF== Profiling "launch_global": 0%....50%....100% - 22 passes
==PROF== Profiling "launch_global": 0%....50%....100% - 22 passes
==PROF== Profiling "launch_global": 0%....50%....100% - 22 passes
==PROF== Profiling "launch_global": 0%....50%....100% - 22 passes
==PROF== Profiling "launch_global": 0%....50%....100% - 22 passes
==PROF== Profiling "launch_global": 0%....50%....100% - 22 passes
==PROF== Profiling "launch_global": 0%....50%....100% - 22 passes
==PROF== Profiling "launch_global": 0%....50%....100% - 22 passes
==PROF== Profiling "launch_global": 0%....50%....100% - 22 passes
==PROF== Profiling "launch_global": 0%....50%....100% - 22 passes
==PROF== Profiling "launch_global": 0%....50%....100% - 22 passes
==PROF== Profiling "launch_global": 0%....50%....100% - 22 passes
==PROF== Profiling "launch_global": 0%....50%....100% - 22 passes
[Level 0 step 2] Advanced 262144 cells

STEP = 2 TIME = 0.006664896859 DT = 0.00270323629


[CNS] Total mass       is 147456
      Total x-momentum is 1572.4464499343446
      Total y-momentum is 0
      Total z-momentum is 0
      Total energy     is 360448

[STEP 2] Coarse TimeStep time: 248.2136964
[STEP 2] FAB kilobyte spread across MPI nodes: [62878 ... 62878]

[Level 0 step 3] ADVANCE with dt = 0.00246461758
[Level 0 step 3] Advanced 262144 cells

STEP = 3 TIME = 0.009129514439 DT = 0.00246461758


[CNS] Total mass       is 147455.99999999997
      Total x-momentum is 2153.9226896809505
      Total y-momentum is 0
      Total z-momentum is 0
      Total energy     is 360448.00000000017

[STEP 3] Coarse TimeStep time: 0.022911405
[STEP 3] FAB kilobyte spread across MPI nodes: [62878 ... 62878]

[Level 0 step 4] ADVANCE with dt = 0.002365837545
[Level 0 step 4] Advanced 262144 cells

STEP = 4 TIME = 0.01149535198 DT = 0.002365837545


[CNS] Total mass       is 147455.99999999991
      Total x-momentum is 2712.0937952674672
      Total y-momentum is 0
      Total z-momentum is 0
      Total energy     is 360448

[STEP 4] Coarse TimeStep time: 0.021980985
[STEP 4] FAB kilobyte spread across MPI nodes: [62878 ... 62878]

Run Time total        = 248.3485632
Run Time init         = 0.00812748
Run Time advance      = 248.3403761


TinyProfiler total time across processes [min...avg...max]: 248.3 ... 248.3 ... 248.3

-------------------------------------------------------------------------------------------
Name                                        NCalls  Excl. Min  Excl. Avg  Excl. Max   Max %
-------------------------------------------------------------------------------------------
CNS::compute_dSdt()                              8      248.2      248.2      248.2  99.94%
StateDataPhysBCFunct::()                         8    0.03527    0.04241    0.04954   0.02%
StateData::FillBoundary(geom)                   96    0.02687    0.02758    0.02829   0.01%
CNS::estTimeStep()                               5    0.01172    0.01678    0.02184   0.01%
FabArray::ParallelCopy_finish()                  8    0.00679    0.01206    0.01732   0.01%
FabArray::sum()                                 25   0.008909   0.009788    0.01067   0.00%
FabArray::setDomainBndry()                       8   0.006736   0.007051   0.007366   0.00%
FabArray::LinComb()                              8   0.005932   0.006127   0.006322   0.00%
CNS::computeTemp()                               8   0.004665    0.00495   0.005234   0.00%
FabArray::ParallelCopy_nowait()                  8   0.004698   0.004717   0.004736   0.00%
amrex::Copy()                                    8   0.002433   0.002563   0.002692   0.00%
CNS::initData()                                  1   0.001546   0.001553    0.00156   0.00%
FabArray::Saxpy()                                4  0.0007838   0.000829  0.0008742   0.00%
AmrLevel::AmrLevel(dm)                           1  0.0004709  0.0004847  0.0004984   0.00%
CNS::advance()                                   4   0.000356  0.0004224  0.0004889   0.00%
main()                                           1  0.0001728   0.000235  0.0002972   0.00%
Amr::InitAmr()                                   1  0.0002351  0.0002438  0.0002525   0.00%
Amr::coarseTimeStep()                            4  7.733e-05  0.0001311   0.000185   0.00%
FillPatchIterator::Initialize                    8  0.0001285  0.0001464  0.0001644   0.00%
Amr::timeStep()                                  4  6.321e-05  9.944e-05  0.0001357   0.00%
FabArrayBase::CPC::define()                      1  7.113e-05  7.385e-05  7.658e-05   0.00%
Amr::defBaseLevel()                              1  2.596e-05  4.793e-05   6.99e-05   0.00%
Amr::FinalizeInit()                              1   1.68e-05   4.12e-05   6.56e-05   0.00%
Amr::readProbinFile()                            1  4.205e-05  4.765e-05  5.325e-05   0.00%
FabArray::ParallelCopy()                         8  4.269e-05  4.776e-05  5.284e-05   0.00%
FillPatchSingleLevel                             8  3.085e-05  3.762e-05  4.438e-05   0.00%
postCoarseTimeStep()                             4  2.752e-05  3.557e-05  4.363e-05   0.00%
StateData::define()                              1  1.977e-05  2.111e-05  2.246e-05   0.00%
DistributionMapping::LeastUsedCPUs()             1  7.921e-06   1.46e-05  2.128e-05   0.00%
FabArrayBase::getCPC()                           8  1.728e-05  1.801e-05  1.874e-05   0.00%
Amr::initSubcycle()                              1  9.124e-06   9.45e-06  9.776e-06   0.00%
Amr::InitializeInit()                            1  4.159e-06  6.222e-06  8.285e-06   0.00%
DistributionMapping::SFCProcessorMapDoIt()       1  7.365e-06  7.597e-06  7.829e-06   0.00%
post_timestep                                    4  5.953e-06  6.335e-06  6.716e-06   0.00%
Amr::initialInit()                               1  3.197e-06  3.207e-06  3.217e-06   0.00%
DistributionMapping::Distribute()                1  1.885e-06  1.974e-06  2.063e-06   0.00%
Amr::init()                                      1  1.975e-06  1.988e-06  2.001e-06   0.00%
-------------------------------------------------------------------------------------------

-------------------------------------------------------------------------------------------
Name                                        NCalls  Incl. Min  Incl. Avg  Incl. Max   Max %
-------------------------------------------------------------------------------------------
main()                                           1      248.3      248.3      248.3 100.00%
Amr::coarseTimeStep()                            4      248.3      248.3      248.3 100.00%
Amr::timeStep()                                  4      248.3      248.3      248.3  99.99%
CNS::advance()                                   4      248.3      248.3      248.3  99.99%
CNS::compute_dSdt()                              8      248.2      248.2      248.2  99.94%
FillPatchIterator::Initialize                    8    0.09125    0.09414    0.09702   0.04%
FillPatchSingleLevel                             8    0.08439    0.08694    0.08949   0.04%
StateDataPhysBCFunct::()                         8    0.06215    0.06999    0.07783   0.03%
StateData::FillBoundary(geom)                   96    0.02687    0.02758    0.02829   0.01%
FabArray::ParallelCopy()                         8    0.01162    0.01691    0.02221   0.01%
CNS::estTimeStep()                               5    0.01172    0.01678    0.02184   0.01%
FabArray::ParallelCopy_finish()                  8    0.00679    0.01206    0.01732   0.01%
FabArray::sum()                                 25   0.008909   0.009788    0.01067   0.00%
Amr::init()                                      1    0.00647   0.007144   0.007817   0.00%
Amr::initialInit()                               1   0.006468   0.007142   0.007815   0.00%
FabArray::setDomainBndry()                       8   0.006736   0.007051   0.007366   0.00%
postCoarseTimeStep()                             4   0.005956   0.006182   0.006409   0.00%
FabArray::LinComb()                              8   0.005932   0.006127   0.006322   0.00%
Amr::FinalizeInit()                              1   0.004296   0.004954   0.005613   0.00%
CNS::computeTemp()                               8   0.004665    0.00495   0.005234   0.00%
FabArray::ParallelCopy_nowait()                  8   0.004788   0.004809    0.00483   0.00%
amrex::Copy()                                    8   0.002433   0.002563   0.002692   0.00%
Amr::InitializeInit()                            1   0.002169   0.002184   0.002199   0.00%
Amr::defBaseLevel()                              1   0.002123    0.00213   0.002138   0.00%
CNS::initData()                                  1   0.001546   0.001553    0.00156   0.00%
FabArray::Saxpy()                                4  0.0007838   0.000829  0.0008742   0.00%
AmrLevel::AmrLevel(dm)                           1  0.0004907  0.0005058  0.0005209   0.00%
Amr::InitAmr()                                   1  0.0002442  0.0002533  0.0002623   0.00%
FabArrayBase::getCPC()                           8  8.986e-05  9.186e-05  9.386e-05   0.00%
FabArrayBase::CPC::define()                      1  7.113e-05  7.385e-05  7.658e-05   0.00%
Amr::readProbinFile()                            1  4.205e-05  4.765e-05  5.325e-05   0.00%
DistributionMapping::SFCProcessorMapDoIt()       1  1.781e-05  2.417e-05  3.053e-05   0.00%
StateData::define()                              1  1.977e-05  2.111e-05  2.246e-05   0.00%
DistributionMapping::LeastUsedCPUs()             1  7.921e-06   1.46e-05  2.128e-05   0.00%
Amr::initSubcycle()                              1  9.124e-06   9.45e-06  9.776e-06   0.00%
post_timestep                                    4  5.953e-06  6.335e-06  6.716e-06   0.00%
DistributionMapping::Distribute()                1  1.885e-06  1.974e-06  2.063e-06   0.00%
-------------------------------------------------------------------------------------------

Unused ParmParse Variables:
  [TOP]::amr.ref_ratio(nvals = 4)  :: [2, 2, 2, 2]
  [TOP]::amr.regrid_int(nvals = 4)  :: [2, 2, 2, 2]
  [TOP]::amr.derive_plot_vars(nvals = 4)  :: [pressure, x_velocity, y_velocity, z_velocity]

Managed Memory Usage:
----------------------------------------------------------------------------------------------------------------------
Name                             Nalloc  Nfree  AvgMem min  AvgMem avg  AvgMem max  MaxMem min  MaxMem avg  MaxMem max
----------------------------------------------------------------------------------------------------------------------
The_Arena::Initialize()               2      2      10 KiB      10 KiB      10 KiB      11 GiB      11 GiB      11 GiB
CNS::compute_dSdt()                 320    320      25 MiB      25 MiB      25 MiB      30 MiB      30 MiB      30 MiB
ResizeRandomSeed                      2      2      30 MiB      30 MiB      30 MiB      30 MiB      30 MiB      30 MiB
CNS::advance()                       72     72      26 MiB      26 MiB      26 MiB      26 MiB      26 MiB      26 MiB
FillPatchIterator::Initialize        64     64    3941   B    4067   B    4193   B       9 MiB       9 MiB       9 MiB
StateData::define()                   8      8       9 MiB       9 MiB       9 MiB       9 MiB       9 MiB       9 MiB
StateDataPhysBCFunct::()            128    128      30   B      33   B      37   B     267 KiB     267 KiB     267 KiB
CNS::estTimeStep()                   14     14     657   B     659   B     662   B     160 KiB     160 KiB     160 KiB
FabArray::sum()                      50     50       5   B       5   B       6   B     160 KiB     160 KiB     160 KiB
FabArray::ParallelCopy_finish()      16     16       0   B       0   B       0   B    8272   B    8272   B    8272   B
FabArray::ParallelCopy_nowait()      32     32       0   B       0   B       0   B    8272   B    8272   B    8272   B
amrex::Copy()                        26     26     655   B     655   B     655   B    1168   B    1168   B    1168   B
FabArray::LinComb()                  10     10     512   B     512   B     512   B    1024   B    1024   B    1024   B
StateData::FillBoundary(geom)       192    192       0   B       0   B       0   B     176   B     264   B     352   B
Amr::InitAmr()                        4      4     127   B     127   B     127   B     128   B     128   B     128   B
----------------------------------------------------------------------------------------------------------------------

Device Memory Usage:
---------------------------------------------------------------------------------------------------------------------
Name                            Nalloc  Nfree  AvgMem min  AvgMem avg  AvgMem max  MaxMem min  MaxMem avg  MaxMem max
---------------------------------------------------------------------------------------------------------------------
The_Device_Arena::Initialize()       2      2      11   B      11   B      12   B    8192 KiB    8192 KiB    8192 KiB
---------------------------------------------------------------------------------------------------------------------

Pinned Memory Usage:
----------------------------------------------------------------------------------------------------------------------
Name                             Nalloc  Nfree  AvgMem min  AvgMem avg  AvgMem max  MaxMem min  MaxMem avg  MaxMem max
----------------------------------------------------------------------------------------------------------------------
The_Pinned_Arena::Initialize()        2      2     113   B     122   B     131   B    8192 KiB    8192 KiB    8192 KiB
FabArray::ParallelCopy_nowait()      64     64     100   B     146   B     193   B    2150 KiB    2150 KiB    2150 KiB
FabArray::ParallelCopy_finish()      16     16       0   B       0   B       0   B    8272   B    8272   B    8272   B
amrex::Copy()                        26     26     655   B     655   B     655   B    1168   B    1168   B    1168   B
FabArray::LinComb()                  10     10     512   B     512   B     512   B    1024   B    1024   B    1024   B
CNS::estTimeStep()                   14     14     655   B     655   B     655   B     672   B     672   B     672   B
StateData::FillBoundary(geom)       192    192       0   B       0   B       0   B     176   B     264   B     352   B
FabArray::sum()                      50     50       0   B       0   B       0   B      16   B      16   B      16   B
----------------------------------------------------------------------------------------------------------------------

Total GPU global memory (MB) spread across MPI: [16151 ... 16151]
Free  GPU global memory (MB) spread across MPI: [6041 ... 6413]
[The         Arena] space (MB) allocated spread across MPI: [12113 ... 12113]
[The         Arena] space (MB) used      spread across MPI: [0 ... 0]
[The  Device Arena] space (MB) allocated spread across MPI: [8 ... 8]
[The  Device Arena] space (MB) used      spread across MPI: [0 ... 0]
[The  Pinned Arena] space (MB) allocated spread across MPI: [8 ... 8]
[The  Pinned Arena] space (MB) used      spread across MPI: [0 ... 0]
AMReX (2b1434edf43e-dirty) finalized
==PROF== Disconnected from process 3857644
==PROF== Disconnected from process 3857643
==PROF== Report: /home/ziangli/amrex/CNS/Exec/Sod/compute_dSdT_kernels_metrics.ncu-rep
