MPI initialized with 2 MPI processes
MPI initialized with thread support level 0
Initializing CUDA...
Multiple GPUs are visible to each MPI rank, but the number of GPUs per socket or node has not been provided.
This may lead to incorrect or suboptimal rank-to-GPU mapping.!
Multiple GPUs are visible to each MPI rank, but the number of GPUs per socket or node has not been provided.
This may lead to incorrect or suboptimal rank-to-GPU mapping.!
CUDA initialized with 2 devices.
AMReX (1156f232c0aa-dirty) initialized
Successfully read inputs file ... 
Successfully read inputs file ... 
Starting to call amrex_probinit ... 
Successfully run amrex_probinit
INITIAL GRIDS 
  Level 0   8 grids  262144 cells  100 % of domain
            smallest grid: 32 x 32 x 32  biggest grid: 32 x 32 x 32


[CNS] Total mass       is 147456
      Total x-momentum is 0
      Total y-momentum is 0
      Total z-momentum is 0
      Total energy     is 360448.00000000006
[Level 0 step 1] ADVANCE with dt = 0.003961660569
[Level 0 step 1] Advanced 262144 cells

[CNS] Total mass       is 147456.00000000003
      Total x-momentum is 934.6729933893613
      Total y-momentum is 0
      Total z-momentum is 0
      Total energy     is 360448.00000000017

[STEP 1] Coarse TimeStep time: 0.031144396
[STEP 1] FAB kilobyte spread across MPI nodes: [62878 ... 62878]

Bypassing call trace flush, nCT < traceFlushSize:  88  8192000
Bypassing comm stats flush, nCS < csFlushSize:  28  8192000

STEP = 1 TIME = 0.003961660569 DT = 0.003961660569

[Level 0 step 2] ADVANCE with dt = 0.00270323629
[Level 0 step 2] Advanced 262144 cells

[CNS] Total mass       is 147456
      Total x-momentum is 1572.4464499343446
      Total y-momentum is 0
      Total z-momentum is 0
      Total energy     is 360448

[STEP 2] Coarse TimeStep time: 0.004289317
[STEP 2] FAB kilobyte spread across MPI nodes: [62878 ... 62878]

Bypassing call trace flush, nCT < traceFlushSize:  148  8192000
Bypassing comm stats flush, nCS < csFlushSize:  46  8192000

STEP = 2 TIME = 0.006664896859 DT = 0.00270323629

[Level 0 step 3] ADVANCE with dt = 0.00246461758
[Level 0 step 3] Advanced 262144 cells

[CNS] Total mass       is 147455.99999999997
      Total x-momentum is 2153.9226896809505
      Total y-momentum is 0
      Total z-momentum is 0
      Total energy     is 360448.00000000017

[STEP 3] Coarse TimeStep time: 0.004347077
[STEP 3] FAB kilobyte spread across MPI nodes: [62878 ... 62878]

Bypassing call trace flush, nCT < traceFlushSize:  208  8192000
Bypassing comm stats flush, nCS < csFlushSize:  64  8192000

STEP = 3 TIME = 0.009129514439 DT = 0.00246461758

[Level 0 step 4] ADVANCE with dt = 0.002365837545
[Level 0 step 4] Advanced 262144 cells

[CNS] Total mass       is 147455.99999999991
      Total x-momentum is 2712.0937952674672
      Total y-momentum is 0
      Total z-momentum is 0
      Total energy     is 360448

[STEP 4] Coarse TimeStep time: 0.004275092
[STEP 4] FAB kilobyte spread across MPI nodes: [62878 ... 62878]

Bypassing call trace flush, nCT < traceFlushSize:  268  8192000
Bypassing comm stats flush, nCS < csFlushSize:  82  8192000

STEP = 4 TIME = 0.01149535198 DT = 0.002365837545

Run Time total        = 0.046765374
Run Time init         = 0.002195502
Run Time advance      = 0.044510156


Total times ----------------------------------------------------------------------------------------------------------------------
                               Function Name      NCalls         Min         Avg         Max      StdDev    CoeffVar     Percent %
                         Amr::FinalizeInit()           1      0.0000      0.0000      0.0001      0.0000     73.1570        0.06 %
                              Amr::InitAmr()           1      0.0002      0.0002      0.0002      0.0000      3.4883        0.29 %
                       Amr::InitializeInit()           1      0.0000      0.0000      0.0000      0.0000     33.1466        0.01 %
                       Amr::coarseTimeStep()           4      0.0005      0.0007      0.0010      0.0003     37.4229        1.15 %
                         Amr::defBaseLevel()           1      0.0000      0.0001      0.0001      0.0000     27.4005        0.09 %
                                 Amr::init()           1      0.0000      0.0000      0.0000      0.0000     60.6637        0.01 %
                         Amr::initSubcycle()           1      0.0000      0.0000      0.0000      0.0000      0.7545        0.01 %
                          Amr::initialInit()           1      0.0000      0.0000      0.0000      0.0000      4.2524        0.00 %
                       Amr::readProbinFile()           1      0.0000      0.0000      0.0001      0.0000     38.5093        0.07 %
                             Amr::timeStep()           4      0.0001      0.0001      0.0001      0.0000     30.8367        0.12 %
                      AmrLevel::AmrLevel(dm)           1      0.0011      0.0011      0.0011      0.0000      1.8895        1.73 %
                              CNS::advance()           4      0.0002      0.0002      0.0002      0.0000     14.3969        0.28 %
                          CNS::computeTemp()           8      0.0002      0.0002      0.0002      0.0000      1.6455        0.30 %
                         CNS::compute_dSdt()           8      0.0041      0.0041      0.0041      0.0000      0.0752        6.38 %
                          CNS::estTimeStep()           5      0.0009      0.0010      0.0010      0.0001      8.4364        1.50 %
                             CNS::initData()           1      0.0003      0.0003      0.0004      0.0000      5.7193        0.53 %
           DistributionMapping::Distribute()           1      0.0000      0.0000      0.0000      0.0000      2.0313        0.00 %
        DistributionMapping::LeastUsedCPUs()           1      0.0000      0.0001      0.0001      0.0000     89.0358        0.08 %
  DistributionMapping::SFCProcessorMapDoIt()           1      0.0000      0.0000      0.0000      0.0000      9.9027        0.02 %
                         FabArray::LinComb()           8      0.0007      0.0007      0.0007      0.0000      0.2002        1.08 %
                    FabArray::ParallelCopy()           8      0.0000      0.0000      0.0000      0.0000      1.2705        0.03 %
             FabArray::ParallelCopy_finish()           8      0.0054      0.0054      0.0054      0.0000      0.7826        8.42 %
             FabArray::ParallelCopy_nowait()           8      0.0020      0.0020      0.0020      0.0000      1.0955        3.15 %
                           FabArray::Saxpy()           4      0.0002      0.0002      0.0002      0.0000      1.8519        0.28 %
                  FabArray::setDomainBndry()           8      0.0007      0.0007      0.0007      0.0000      0.5271        1.06 %
                             FabArray::sum()          25      0.0004      0.0005      0.0005      0.0000      4.3591        0.71 %
                 FabArrayBase::CPC::define()           1      0.0001      0.0001      0.0001      0.0000      1.0937        0.13 %
                      FabArrayBase::getCPC()           8      0.0000      0.0000      0.0000      0.0000      4.3102        0.02 %
               FillPatchIterator::Initialize           8      0.0001      0.0001      0.0001      0.0000      3.8261        0.08 %
                        FillPatchSingleLevel           8      0.0000      0.0000      0.0000      0.0000      2.7875        0.02 %
         ParallelDescriptor::Gather(TsT1si)d           0      0.0000      0.0000      0.0000      0.0000      0.0000        0.00 %
         ParallelDescriptor::Gather(TsT1si)l           0      0.0000      0.0000      0.0000      0.0000      0.0000        0.00 %
             ParallelDescriptor::Recv(Tsii)i           0      0.0000      0.0000      0.0000      0.0000      0.0000        0.00 %
             ParallelDescriptor::Send(Tsii)i           0      0.0000      0.0000      0.0000      0.0000      0.0000        0.00 %
                            ResizeRandomSeed           1      0.0069      0.0070      0.0070      0.0001      0.7207       10.90 %
               StateData::FillBoundary(geom)          96      0.0048      0.0049      0.0050      0.0001      2.5046        7.60 %
                         StateData::define()           1      0.0000      0.0000      0.0000      0.0000      3.1260        0.03 %
                    StateDataPhysBCFunct::()           8      0.0229      0.0230      0.0232      0.0002      0.8201       35.91 %
                     The_Arena::Initialize()           1      0.0001      0.0001      0.0002      0.0000      5.7878        0.22 %
              The_Device_Arena::Initialize()           1      0.0002      0.0002      0.0002      0.0000      0.9263        0.33 %
              The_Pinned_Arena::Initialize()           1      0.0046      0.0046      0.0046      0.0000      0.9164        7.17 %
                               amrex::Copy()           8      0.0008      0.0008      0.0009      0.0000      2.3154        1.32 %
                        amrex_mempool_init()           1      0.0055      0.0055      0.0055      0.0000      0.3328        8.54 %
                                      main()           1      0.0001      0.0002      0.0002      0.0000     10.4832        0.24 %
                        postCoarseTimeStep()           4      0.0000      0.0001      0.0001      0.0001     84.2110        0.11 %
                               post_timestep           4      0.0000      0.0000      0.0000      0.0000      5.1509        0.00 %

Total Timers     =       0.06 seconds.


Total times ----------------------------------------------------------------------------------------------------------------------
                               Function Name      NCalls         Min         Avg         Max      StdDev    CoeffVar     Percent %
                    StateDataPhysBCFunct::()           8      0.0229      0.0230      0.0232      0.0002      0.8201       35.91 %
                            ResizeRandomSeed           1      0.0069      0.0070      0.0070      0.0001      0.7207       10.90 %
                        amrex_mempool_init()           1      0.0055      0.0055      0.0055      0.0000      0.3328        8.54 %
             FabArray::ParallelCopy_finish()           8      0.0054      0.0054      0.0054      0.0000      0.7826        8.42 %
               StateData::FillBoundary(geom)          96      0.0048      0.0049      0.0050      0.0001      2.5046        7.60 %
              The_Pinned_Arena::Initialize()           1      0.0046      0.0046      0.0046      0.0000      0.9164        7.17 %
                         CNS::compute_dSdt()           8      0.0041      0.0041      0.0041      0.0000      0.0752        6.38 %
             FabArray::ParallelCopy_nowait()           8      0.0020      0.0020      0.0020      0.0000      1.0955        3.15 %
                      AmrLevel::AmrLevel(dm)           1      0.0011      0.0011      0.0011      0.0000      1.8895        1.73 %
                          CNS::estTimeStep()           5      0.0009      0.0010      0.0010      0.0001      8.4364        1.50 %
                               amrex::Copy()           8      0.0008      0.0008      0.0009      0.0000      2.3154        1.32 %
                       Amr::coarseTimeStep()           4      0.0005      0.0007      0.0010      0.0003     37.4229        1.15 %
                         FabArray::LinComb()           8      0.0007      0.0007      0.0007      0.0000      0.2002        1.08 %
                  FabArray::setDomainBndry()           8      0.0007      0.0007      0.0007      0.0000      0.5271        1.06 %
                             FabArray::sum()          25      0.0004      0.0005      0.0005      0.0000      4.3591        0.71 %
                             CNS::initData()           1      0.0003      0.0003      0.0004      0.0000      5.7193        0.53 %
              The_Device_Arena::Initialize()           1      0.0002      0.0002      0.0002      0.0000      0.9263        0.33 %
                          CNS::computeTemp()           8      0.0002      0.0002      0.0002      0.0000      1.6455        0.30 %
                              Amr::InitAmr()           1      0.0002      0.0002      0.0002      0.0000      3.4883        0.29 %
                           FabArray::Saxpy()           4      0.0002      0.0002      0.0002      0.0000      1.8519        0.28 %
                              CNS::advance()           4      0.0002      0.0002      0.0002      0.0000     14.3969        0.28 %
                                      main()           1      0.0001      0.0002      0.0002      0.0000     10.4832        0.24 %
                     The_Arena::Initialize()           1      0.0001      0.0001      0.0002      0.0000      5.7878        0.22 %
                 FabArrayBase::CPC::define()           1      0.0001      0.0001      0.0001      0.0000      1.0937        0.13 %
                             Amr::timeStep()           4      0.0001      0.0001      0.0001      0.0000     30.8367        0.12 %
                        postCoarseTimeStep()           4      0.0000      0.0001      0.0001      0.0001     84.2110        0.11 %
                         Amr::defBaseLevel()           1      0.0000      0.0001      0.0001      0.0000     27.4005        0.09 %
               FillPatchIterator::Initialize           8      0.0001      0.0001      0.0001      0.0000      3.8261        0.08 %
        DistributionMapping::LeastUsedCPUs()           1      0.0000      0.0001      0.0001      0.0000     89.0358        0.08 %
                       Amr::readProbinFile()           1      0.0000      0.0000      0.0001      0.0000     38.5093        0.07 %
                         Amr::FinalizeInit()           1      0.0000      0.0000      0.0001      0.0000     73.1570        0.06 %
                    FabArray::ParallelCopy()           8      0.0000      0.0000      0.0000      0.0000      1.2705        0.03 %
                         StateData::define()           1      0.0000      0.0000      0.0000      0.0000      3.1260        0.03 %
                        FillPatchSingleLevel           8      0.0000      0.0000      0.0000      0.0000      2.7875        0.02 %
                      FabArrayBase::getCPC()           8      0.0000      0.0000      0.0000      0.0000      4.3102        0.02 %
  DistributionMapping::SFCProcessorMapDoIt()           1      0.0000      0.0000      0.0000      0.0000      9.9027        0.02 %
                                 Amr::init()           1      0.0000      0.0000      0.0000      0.0000     60.6637        0.01 %
                         Amr::initSubcycle()           1      0.0000      0.0000      0.0000      0.0000      0.7545        0.01 %
                       Amr::InitializeInit()           1      0.0000      0.0000      0.0000      0.0000     33.1466        0.01 %
                               post_timestep           4      0.0000      0.0000      0.0000      0.0000      5.1509        0.00 %
                          Amr::initialInit()           1      0.0000      0.0000      0.0000      0.0000      4.2524        0.00 %
           DistributionMapping::Distribute()           1      0.0000      0.0000      0.0000      0.0000      2.0313        0.00 %
         ParallelDescriptor::Gather(TsT1si)d           0      0.0000      0.0000      0.0000      0.0000      0.0000        0.00 %
==================================================================================================================================

 MaxCallStackDepth = 9

BLProfiler::Finalize():  time:  0.38
BLProfiler::WriteCallTrace():  time:  0.011
BLProfiler::WriteCommStats():  time:  0.15
Unused ParmParse Variables:
  [TOP]::amr.ref_ratio(nvals = 4)  :: [2, 2, 2, 2]
  [TOP]::amr.regrid_int(nvals = 4)  :: [2, 2, 2, 2]
  [TOP]::amr.derive_plot_vars(nvals = 4)  :: [pressure, x_velocity, y_velocity, z_velocity]

Total GPU global memory (MB) spread across MPI: [16151 ... 16151]
Free  GPU global memory (MB) spread across MPI: [15699 ... 15699]
[The         Arena] space (MB) allocated spread across MPI: [12113 ... 12113]
[The         Arena] space (MB) used      spread across MPI: [0 ... 0]
[The  Device Arena] space (MB) allocated spread across MPI: [8 ... 8]
[The  Device Arena] space (MB) used      spread across MPI: [0 ... 0]
[The  Pinned Arena] space (MB) allocated spread across MPI: [8 ... 8]
[The  Pinned Arena] space (MB) used      spread across MPI: [0 ... 0]
AMReX (1156f232c0aa-dirty) finalized
