MPI initialized with 2 MPI processes
MPI initialized with thread support level 0
Initializing CUDA...
CUDA initialized with 2 devices.
AMReX (23.06-18-g96b811d2cb9f-dirty) initialized
Successfully read inputs file ... 
MAXIMUM LEVEL IS 0
Successfully read inputs file ... 
Starting to call amrex_probinit ... 
Segfault
Segfault
See Backtrace.1 file for details
See Backtrace.0 file for details
--------------------------------------------------------------------------
MPI_ABORT was invoked on rank 1 in communicator MPI_COMM_WORLD
with errorcode 11.

NOTE: invoking MPI_ABORT causes Open MPI to kill all MPI processes.
You may or may not see output from other processes, depending on
exactly when Open MPI kills them.
--------------------------------------------------------------------------
[gl1015.arc-ts.umich.edu:825689] PMIX ERROR: UNREACHABLE in file server/pmix_server.c at line 2198
[gl1015.arc-ts.umich.edu:825689] 1 more process has sent help message help-mpi-api.txt / mpi-abort
[gl1015.arc-ts.umich.edu:825689] Set MCA parameter "orte_base_help_aggregate" to 0 to see all help / error messages
